CRITICAL - 2022-11-14 01:14:40 --> A non-numeric value encountered
in APPPATH\Views\admin\aturan.php on line 39.
 1 APPPATH\Views\admin\aturan.php(39): CodeIgniter\Debug\Exceptions->errorHandler(2, 'A non-numeric value encountered', 'APPPATH\\Views\\admin\\aturan.php', 39, [...])
 2 SYSTEMPATH\View\View.php(213): include('APPPATH\\Views\\admin\\aturan.php')
 3 SYSTEMPATH\View\View.php(216): CodeIgniter\View\View->CodeIgniter\View\{closure}()
 4 SYSTEMPATH\Common.php(1134): CodeIgniter\View\View->render('admin/aturan', [], true)
 5 APPPATH\Controllers\Admin\Aturan.php(30): view('admin/aturan', [...])
 6 SYSTEMPATH\CodeIgniter.php(927): App\Controllers\Admin\Aturan->index()
 7 SYSTEMPATH\CodeIgniter.php(482): CodeIgniter\CodeIgniter->runController(Object(App\Controllers\Admin\Aturan))
 8 SYSTEMPATH\CodeIgniter.php(351): CodeIgniter\CodeIgniter->handleRequest(null, Object(Config\Cache), false)
 9 FCPATH\index.php(67): CodeIgniter\CodeIgniter->run()
10 SYSTEMPATH\Commands\Server\rewrite.php(46): require_once('FCPATH\\index.php')
ERROR - 2022-11-14 01:41:05 --> mysqli_sql_exception: Operand should contain 1 column(s) in C:\xampp\htdocs\sp-kamera\system\Database\MySQLi\Connection.php:292
Stack trace:
#0 C:\xampp\htdocs\sp-kamera\system\Database\MySQLi\Connection.php(292): mysqli->query('INSERT INTO `tb...', 0)
#1 C:\xampp\htdocs\sp-kamera\system\Database\BaseConnection.php(666): CodeIgniter\Database\MySQLi\Connection->execute('INSERT INTO `tb...')
#2 C:\xampp\htdocs\sp-kamera\system\Database\BaseConnection.php(593): CodeIgniter\Database\BaseConnection->simpleQuery('INSERT INTO `tb...')
#3 C:\xampp\htdocs\sp-kamera\system\Database\BaseBuilder.php(1916): CodeIgniter\Database\BaseConnection->query('INSERT INTO `tb...', Array, false)
#4 C:\xampp\htdocs\sp-kamera\system\Model.php(279): CodeIgniter\Database\BaseBuilder->insert()
#5 C:\xampp\htdocs\sp-kamera\system\BaseModel.php(749): CodeIgniter\Model->doInsert(Array)
#6 C:\xampp\htdocs\sp-kamera\system\Model.php(667): CodeIgniter\BaseModel->insert(Array, false)
#7 C:\xampp\htdocs\sp-kamera\system\BaseModel.php(659): CodeIgniter\Model->insert(Array, false)
#8 C:\xampp\htdocs\sp-kamera\app\Controllers\Admin\Aturan.php(57): CodeIgniter\BaseModel->save(Array)
#9 C:\xampp\htdocs\sp-kamera\system\CodeIgniter.php(927): App\Controllers\Admin\Aturan->simpan()
#10 C:\xampp\htdocs\sp-kamera\system\CodeIgniter.php(482): CodeIgniter\CodeIgniter->runController(Object(App\Controllers\Admin\Aturan))
#11 C:\xampp\htdocs\sp-kamera\system\CodeIgniter.php(351): CodeIgniter\CodeIgniter->handleRequest(NULL, Object(Config\Cache), false)
#12 C:\xampp\htdocs\sp-kamera\public\index.php(67): CodeIgniter\CodeIgniter->run()
#13 C:\xampp\htdocs\sp-kamera\system\Commands\Server\rewrite.php(46): require_once('C:\\xampp\\htdocs...')
#14 {main}
CRITICAL - 2022-11-14 01:41:05 --> Operand should contain 1 column(s)
in SYSTEMPATH\Database\MySQLi\Connection.php on line 292.
 1 SYSTEMPATH\Database\MySQLi\Connection.php(292): mysqli->query('INSERT INTO `tb_aturan` (`kode_aturan`, `kode_kerusakan`, `kode_gejala`, `created_at`, `updated_at`) VALUES (\'A02\', \'K02\', (\'G01\',\'G02\'), \'2022-11-14 01:41:05\', \'2022-11-14 01:41:05\')', 0)
 2 SYSTEMPATH\Database\BaseConnection.php(666): CodeIgniter\Database\MySQLi\Connection->execute('INSERT INTO `tb_aturan` (`kode_aturan`, `kode_kerusakan`, `kode_gejala`, `created_at`, `updated_at`) VALUES (\'A02\', \'K02\', (\'G01\',\'G02\'), \'2022-11-14 01:41:05\', \'2022-11-14 01:41:05\')')
 3 SYSTEMPATH\Database\BaseConnection.php(593): CodeIgniter\Database\BaseConnection->simpleQuery('INSERT INTO `tb_aturan` (`kode_aturan`, `kode_kerusakan`, `kode_gejala`, `created_at`, `updated_at`) VALUES (\'A02\', \'K02\', (\'G01\',\'G02\'), \'2022-11-14 01:41:05\', \'2022-11-14 01:41:05\')')
 4 SYSTEMPATH\Database\BaseBuilder.php(1916): CodeIgniter\Database\BaseConnection->query('INSERT INTO `tb_aturan` (`kode_aturan`, `kode_kerusakan`, `kode_gejala`, `created_at`, `updated_at`) VALUES (:kode_aturan:, :kode_kerusakan:, :kode_gejala:, :created_at:, :updated_at:)', [...], false)
 5 SYSTEMPATH\Model.php(279): CodeIgniter\Database\BaseBuilder->insert()
 6 SYSTEMPATH\BaseModel.php(749): CodeIgniter\Model->doInsert([...])
 7 SYSTEMPATH\Model.php(667): CodeIgniter\BaseModel->insert([...], false)
 8 SYSTEMPATH\BaseModel.php(659): CodeIgniter\Model->insert([...], false)
 9 APPPATH\Controllers\Admin\Aturan.php(57): CodeIgniter\BaseModel->save([...])
10 SYSTEMPATH\CodeIgniter.php(927): App\Controllers\Admin\Aturan->simpan()
11 SYSTEMPATH\CodeIgniter.php(482): CodeIgniter\CodeIgniter->runController(Object(App\Controllers\Admin\Aturan))
12 SYSTEMPATH\CodeIgniter.php(351): CodeIgniter\CodeIgniter->handleRequest(null, Object(Config\Cache), false)
13 FCPATH\index.php(67): CodeIgniter\CodeIgniter->run()
14 SYSTEMPATH\Commands\Server\rewrite.php(46): require_once('FCPATH\\index.php')
ERROR - 2022-11-14 01:41:40 --> mysqli_sql_exception: Operand should contain 1 column(s) in C:\xampp\htdocs\sp-kamera\system\Database\MySQLi\Connection.php:292
Stack trace:
#0 C:\xampp\htdocs\sp-kamera\system\Database\MySQLi\Connection.php(292): mysqli->query('INSERT INTO `tb...', 0)
#1 C:\xampp\htdocs\sp-kamera\system\Database\BaseConnection.php(666): CodeIgniter\Database\MySQLi\Connection->execute('INSERT INTO `tb...')
#2 C:\xampp\htdocs\sp-kamera\system\Database\BaseConnection.php(593): CodeIgniter\Database\BaseConnection->simpleQuery('INSERT INTO `tb...')
#3 C:\xampp\htdocs\sp-kamera\system\Database\BaseBuilder.php(1916): CodeIgniter\Database\BaseConnection->query('INSERT INTO `tb...', Array, false)
#4 C:\xampp\htdocs\sp-kamera\system\Model.php(279): CodeIgniter\Database\BaseBuilder->insert()
#5 C:\xampp\htdocs\sp-kamera\system\BaseModel.php(749): CodeIgniter\Model->doInsert(Array)
#6 C:\xampp\htdocs\sp-kamera\system\Model.php(667): CodeIgniter\BaseModel->insert(Array, false)
#7 C:\xampp\htdocs\sp-kamera\system\BaseModel.php(659): CodeIgniter\Model->insert(Array, false)
#8 C:\xampp\htdocs\sp-kamera\app\Controllers\Admin\Aturan.php(57): CodeIgniter\BaseModel->save(Array)
#9 C:\xampp\htdocs\sp-kamera\system\CodeIgniter.php(927): App\Controllers\Admin\Aturan->simpan()
#10 C:\xampp\htdocs\sp-kamera\system\CodeIgniter.php(482): CodeIgniter\CodeIgniter->runController(Object(App\Controllers\Admin\Aturan))
#11 C:\xampp\htdocs\sp-kamera\system\CodeIgniter.php(351): CodeIgniter\CodeIgniter->handleRequest(NULL, Object(Config\Cache), false)
#12 C:\xampp\htdocs\sp-kamera\public\index.php(67): CodeIgniter\CodeIgniter->run()
#13 C:\xampp\htdocs\sp-kamera\system\Commands\Server\rewrite.php(46): require_once('C:\\xampp\\htdocs...')
#14 {main}
CRITICAL - 2022-11-14 01:41:40 --> Operand should contain 1 column(s)
in SYSTEMPATH\Database\MySQLi\Connection.php on line 292.
 1 SYSTEMPATH\Database\MySQLi\Connection.php(292): mysqli->query('INSERT INTO `tb_aturan` (`kode_aturan`, `kode_kerusakan`, `kode_gejala`, `created_at`, `updated_at`) VALUES (\'A02\', \'K02\', (\'G01\',\'G02\'), \'2022-11-14 01:41:40\', \'2022-11-14 01:41:40\')', 0)
 2 SYSTEMPATH\Database\BaseConnection.php(666): CodeIgniter\Database\MySQLi\Connection->execute('INSERT INTO `tb_aturan` (`kode_aturan`, `kode_kerusakan`, `kode_gejala`, `created_at`, `updated_at`) VALUES (\'A02\', \'K02\', (\'G01\',\'G02\'), \'2022-11-14 01:41:40\', \'2022-11-14 01:41:40\')')
 3 SYSTEMPATH\Database\BaseConnection.php(593): CodeIgniter\Database\BaseConnection->simpleQuery('INSERT INTO `tb_aturan` (`kode_aturan`, `kode_kerusakan`, `kode_gejala`, `created_at`, `updated_at`) VALUES (\'A02\', \'K02\', (\'G01\',\'G02\'), \'2022-11-14 01:41:40\', \'2022-11-14 01:41:40\')')
 4 SYSTEMPATH\Database\BaseBuilder.php(1916): CodeIgniter\Database\BaseConnection->query('INSERT INTO `tb_aturan` (`kode_aturan`, `kode_kerusakan`, `kode_gejala`, `created_at`, `updated_at`) VALUES (:kode_aturan:, :kode_kerusakan:, :kode_gejala:, :created_at:, :updated_at:)', [...], false)
 5 SYSTEMPATH\Model.php(279): CodeIgniter\Database\BaseBuilder->insert()
 6 SYSTEMPATH\BaseModel.php(749): CodeIgniter\Model->doInsert([...])
 7 SYSTEMPATH\Model.php(667): CodeIgniter\BaseModel->insert([...], false)
 8 SYSTEMPATH\BaseModel.php(659): CodeIgniter\Model->insert([...], false)
 9 APPPATH\Controllers\Admin\Aturan.php(57): CodeIgniter\BaseModel->save([...])
10 SYSTEMPATH\CodeIgniter.php(927): App\Controllers\Admin\Aturan->simpan()
11 SYSTEMPATH\CodeIgniter.php(482): CodeIgniter\CodeIgniter->runController(Object(App\Controllers\Admin\Aturan))
12 SYSTEMPATH\CodeIgniter.php(351): CodeIgniter\CodeIgniter->handleRequest(null, Object(Config\Cache), false)
13 FCPATH\index.php(67): CodeIgniter\CodeIgniter->run()
14 SYSTEMPATH\Commands\Server\rewrite.php(46): require_once('FCPATH\\index.php')
ERROR - 2022-11-14 01:48:54 --> Error connecting to the database: mysqli_sql_exception: No connection could be made because the target machine actively refused it.
 in C:\xampp\htdocs\sp-kamera\system\Database\MySQLi\Connection.php:171
Stack trace:
#0 C:\xampp\htdocs\sp-kamera\system\Database\MySQLi\Connection.php(171): mysqli->real_connect('localhost', 'root', '', 'sp_kamera', 3306, '', 0)
#1 C:\xampp\htdocs\sp-kamera\system\Database\BaseConnection.php(382): CodeIgniter\Database\MySQLi\Connection->connect(false)
#2 C:\xampp\htdocs\sp-kamera\system\Database\BaseConnection.php(561): CodeIgniter\Database\BaseConnection->initialize()
#3 C:\xampp\htdocs\sp-kamera\system\Database\BaseBuilder.php(1585): CodeIgniter\Database\BaseConnection->query('SELECT 1\nFROM `...', Array, false)
#4 C:\xampp\htdocs\sp-kamera\system\Validation\Rules.php(142): CodeIgniter\Database\BaseBuilder->get()
#5 C:\xampp\htdocs\sp-kamera\system\Validation\Validation.php(315): CodeIgniter\Validation\Rules->is_unique('A02', 'kode_aturan', Array, NULL, 'kode_aturan')
#6 C:\xampp\htdocs\sp-kamera\system\Validation\Validation.php(175): CodeIgniter\Validation\Validation->processRules('kode_aturan', 'kode_aturan', 'A02', Array, Array)
#7 C:\xampp\htdocs\sp-kamera\system\Controller.php(140): CodeIgniter\Validation\Validation->run()
#8 C:\xampp\htdocs\sp-kamera\app\Controllers\Admin\Aturan.php(38): CodeIgniter\Controller->validate(Array)
#9 C:\xampp\htdocs\sp-kamera\system\CodeIgniter.php(927): App\Controllers\Admin\Aturan->simpan()
#10 C:\xampp\htdocs\sp-kamera\system\CodeIgniter.php(482): CodeIgniter\CodeIgniter->runController(Object(App\Controllers\Admin\Aturan))
#11 C:\xampp\htdocs\sp-kamera\system\CodeIgniter.php(351): CodeIgniter\CodeIgniter->handleRequest(NULL, Object(Config\Cache), false)
#12 C:\xampp\htdocs\sp-kamera\public\index.php(67): CodeIgniter\CodeIgniter->run()
#13 C:\xampp\htdocs\sp-kamera\system\Commands\Server\rewrite.php(46): require_once('C:\\xampp\\htdocs...')
#14 {main}

Next CodeIgniter\Database\Exceptions\DatabaseException: No connection could be made because the target machine actively refused it.
 in C:\xampp\htdocs\sp-kamera\system\Database\MySQLi\Connection.php:215
Stack trace:
#0 C:\xampp\htdocs\sp-kamera\system\Database\BaseConnection.php(382): CodeIgniter\Database\MySQLi\Connection->connect(false)
#1 C:\xampp\htdocs\sp-kamera\system\Database\BaseConnection.php(561): CodeIgniter\Database\BaseConnection->initialize()
#2 C:\xampp\htdocs\sp-kamera\system\Database\BaseBuilder.php(1585): CodeIgniter\Database\BaseConnection->query('SELECT 1\nFROM `...', Array, false)
#3 C:\xampp\htdocs\sp-kamera\system\Validation\Rules.php(142): CodeIgniter\Database\BaseBuilder->get()
#4 C:\xampp\htdocs\sp-kamera\system\Validation\Validation.php(315): CodeIgniter\Validation\Rules->is_unique('A02', 'kode_aturan', Array, NULL, 'kode_aturan')
#5 C:\xampp\htdocs\sp-kamera\system\Validation\Validation.php(175): CodeIgniter\Validation\Validation->processRules('kode_aturan', 'kode_aturan', 'A02', Array, Array)
#6 C:\xampp\htdocs\sp-kamera\system\Controller.php(140): CodeIgniter\Validation\Validation->run()
#7 C:\xampp\htdocs\sp-kamera\app\Controllers\Admin\Aturan.php(38): CodeIgniter\Controller->validate(Array)
#8 C:\xampp\htdocs\sp-kamera\system\CodeIgniter.php(927): App\Controllers\Admin\Aturan->simpan()
#9 C:\xampp\htdocs\sp-kamera\system\CodeIgniter.php(482): CodeIgniter\CodeIgniter->runController(Object(App\Controllers\Admin\Aturan))
#10 C:\xampp\htdocs\sp-kamera\system\CodeIgniter.php(351): CodeIgniter\CodeIgniter->handleRequest(NULL, Object(Config\Cache), false)
#11 C:\xampp\htdocs\sp-kamera\public\index.php(67): CodeIgniter\CodeIgniter->run()
#12 C:\xampp\htdocs\sp-kamera\system\Commands\Server\rewrite.php(46): require_once('C:\\xampp\\htdocs...')
#13 {main}
CRITICAL - 2022-11-14 01:48:54 --> Unable to connect to the database.
Main connection [MySQLi]: No connection could be made because the target machine actively refused it.

in SYSTEMPATH\Database\BaseConnection.php on line 418.
 1 SYSTEMPATH\Database\BaseConnection.php(561): CodeIgniter\Database\BaseConnection->initialize()
 2 SYSTEMPATH\Database\BaseBuilder.php(1585): CodeIgniter\Database\BaseConnection->query('SELECT 1
FROM `tb_aturan`
WHERE `kode_aturan` = :kode_aturan:
 LIMIT 1', [...], false)
 3 SYSTEMPATH\Validation\Rules.php(142): CodeIgniter\Database\BaseBuilder->get()
 4 SYSTEMPATH\Validation\Validation.php(315): CodeIgniter\Validation\Rules->is_unique('A02', 'kode_aturan', [...], null, 'kode_aturan')
 5 SYSTEMPATH\Validation\Validation.php(175): CodeIgniter\Validation\Validation->processRules('kode_aturan', 'kode_aturan', 'A02', [...], [...])
 6 SYSTEMPATH\Controller.php(140): CodeIgniter\Validation\Validation->run()
 7 APPPATH\Controllers\Admin\Aturan.php(38): CodeIgniter\Controller->validate([...])
 8 SYSTEMPATH\CodeIgniter.php(927): App\Controllers\Admin\Aturan->simpan()
 9 SYSTEMPATH\CodeIgniter.php(482): CodeIgniter\CodeIgniter->runController(Object(App\Controllers\Admin\Aturan))
10 SYSTEMPATH\CodeIgniter.php(351): CodeIgniter\CodeIgniter->handleRequest(null, Object(Config\Cache), false)
11 FCPATH\index.php(67): CodeIgniter\CodeIgniter->run()
12 SYSTEMPATH\Commands\Server\rewrite.php(46): require_once('FCPATH\\index.php')
CRITICAL - 2022-11-14 01:49:40 --> implode(): Argument must be an array
in APPPATH\Controllers\Admin\Aturan.php on line 55.
 1 [internal function]: CodeIgniter\Debug\Exceptions->errorHandler(2, 'implode(): Argument must be an array', 'APPPATH\\Controllers\\Admin\\Aturan.php', 55, [])
 2 APPPATH\Controllers\Admin\Aturan.php(55): implode('K02')
 3 SYSTEMPATH\CodeIgniter.php(927): App\Controllers\Admin\Aturan->simpan()
 4 SYSTEMPATH\CodeIgniter.php(482): CodeIgniter\CodeIgniter->runController(Object(App\Controllers\Admin\Aturan))
 5 SYSTEMPATH\CodeIgniter.php(351): CodeIgniter\CodeIgniter->handleRequest(null, Object(Config\Cache), false)
 6 FCPATH\index.php(67): CodeIgniter\CodeIgniter->run()
 7 SYSTEMPATH\Commands\Server\rewrite.php(46): require_once('FCPATH\\index.php')
CRITICAL - 2022-11-14 01:57:24 --> Array to string conversion
in APPPATH\Views\admin\aturan.php on line 121.
 1 APPPATH\Views\admin\aturan.php(121): CodeIgniter\Debug\Exceptions->errorHandler(8, 'Array to string conversion', 'APPPATH\\Views\\admin\\aturan.php', 121, [...])
 2 SYSTEMPATH\View\View.php(213): include('APPPATH\\Views\\admin\\aturan.php')
 3 SYSTEMPATH\View\View.php(216): CodeIgniter\View\View->CodeIgniter\View\{closure}()
 4 SYSTEMPATH\Common.php(1134): CodeIgniter\View\View->render('admin/aturan', [], true)
 5 APPPATH\Controllers\Admin\Aturan.php(30): view('admin/aturan', [...])
 6 SYSTEMPATH\CodeIgniter.php(927): App\Controllers\Admin\Aturan->index()
 7 SYSTEMPATH\CodeIgniter.php(482): CodeIgniter\CodeIgniter->runController(Object(App\Controllers\Admin\Aturan))
 8 SYSTEMPATH\CodeIgniter.php(351): CodeIgniter\CodeIgniter->handleRequest(null, Object(Config\Cache), false)
 9 FCPATH\index.php(67): CodeIgniter\CodeIgniter->run()
10 SYSTEMPATH\Commands\Server\rewrite.php(46): require_once('FCPATH\\index.php')
CRITICAL - 2022-11-14 01:59:13 --> Array to string conversion
in APPPATH\Views\admin\aturan.php on line 121.
 1 APPPATH\Views\admin\aturan.php(121): CodeIgniter\Debug\Exceptions->errorHandler(8, 'Array to string conversion', 'APPPATH\\Views\\admin\\aturan.php', 121, [...])
 2 SYSTEMPATH\View\View.php(213): include('APPPATH\\Views\\admin\\aturan.php')
 3 SYSTEMPATH\View\View.php(216): CodeIgniter\View\View->CodeIgniter\View\{closure}()
 4 SYSTEMPATH\Common.php(1134): CodeIgniter\View\View->render('admin/aturan', [], true)
 5 APPPATH\Controllers\Admin\Aturan.php(30): view('admin/aturan', [...])
 6 SYSTEMPATH\CodeIgniter.php(927): App\Controllers\Admin\Aturan->index()
 7 SYSTEMPATH\CodeIgniter.php(482): CodeIgniter\CodeIgniter->runController(Object(App\Controllers\Admin\Aturan))
 8 SYSTEMPATH\CodeIgniter.php(351): CodeIgniter\CodeIgniter->handleRequest(null, Object(Config\Cache), false)
 9 FCPATH\index.php(67): CodeIgniter\CodeIgniter->run()
10 SYSTEMPATH\Commands\Server\rewrite.php(46): require_once('FCPATH\\index.php')
CRITICAL - 2022-11-14 01:59:22 --> Array to string conversion
in APPPATH\Views\admin\aturan.php on line 121.
 1 APPPATH\Views\admin\aturan.php(121): CodeIgniter\Debug\Exceptions->errorHandler(8, 'Array to string conversion', 'APPPATH\\Views\\admin\\aturan.php', 121, [...])
 2 SYSTEMPATH\View\View.php(213): include('APPPATH\\Views\\admin\\aturan.php')
 3 SYSTEMPATH\View\View.php(216): CodeIgniter\View\View->CodeIgniter\View\{closure}()
 4 SYSTEMPATH\Common.php(1134): CodeIgniter\View\View->render('admin/aturan', [], true)
 5 APPPATH\Controllers\Admin\Aturan.php(30): view('admin/aturan', [...])
 6 SYSTEMPATH\CodeIgniter.php(927): App\Controllers\Admin\Aturan->index()
 7 SYSTEMPATH\CodeIgniter.php(482): CodeIgniter\CodeIgniter->runController(Object(App\Controllers\Admin\Aturan))
 8 SYSTEMPATH\CodeIgniter.php(351): CodeIgniter\CodeIgniter->handleRequest(null, Object(Config\Cache), false)
 9 FCPATH\index.php(67): CodeIgniter\CodeIgniter->run()
10 SYSTEMPATH\Commands\Server\rewrite.php(46): require_once('FCPATH\\index.php')
CRITICAL - 2022-11-14 01:59:37 --> Array to string conversion
in APPPATH\Views\admin\aturan.php on line 121.
 1 APPPATH\Views\admin\aturan.php(121): CodeIgniter\Debug\Exceptions->errorHandler(8, 'Array to string conversion', 'APPPATH\\Views\\admin\\aturan.php', 121, [...])
 2 SYSTEMPATH\View\View.php(213): include('APPPATH\\Views\\admin\\aturan.php')
 3 SYSTEMPATH\View\View.php(216): CodeIgniter\View\View->CodeIgniter\View\{closure}()
 4 SYSTEMPATH\Common.php(1134): CodeIgniter\View\View->render('admin/aturan', [], true)
 5 APPPATH\Controllers\Admin\Aturan.php(30): view('admin/aturan', [...])
 6 SYSTEMPATH\CodeIgniter.php(927): App\Controllers\Admin\Aturan->index()
 7 SYSTEMPATH\CodeIgniter.php(482): CodeIgniter\CodeIgniter->runController(Object(App\Controllers\Admin\Aturan))
 8 SYSTEMPATH\CodeIgniter.php(351): CodeIgniter\CodeIgniter->handleRequest(null, Object(Config\Cache), false)
 9 FCPATH\index.php(67): CodeIgniter\CodeIgniter->run()
10 SYSTEMPATH\Commands\Server\rewrite.php(46): require_once('FCPATH\\index.php')
CRITICAL - 2022-11-14 01:59:48 --> implode(): Invalid arguments passed
in APPPATH\Views\admin\aturan.php on line 121.
 1 [internal function]: CodeIgniter\Debug\Exceptions->errorHandler(2, 'implode(): Invalid arguments passed', 'APPPATH\\Views\\admin\\aturan.php', 121, [...])
 2 APPPATH\Views\admin\aturan.php(121): implode(',', 'G01')
 3 SYSTEMPATH\View\View.php(213): include('APPPATH\\Views\\admin\\aturan.php')
 4 SYSTEMPATH\View\View.php(216): CodeIgniter\View\View->CodeIgniter\View\{closure}()
 5 SYSTEMPATH\Common.php(1134): CodeIgniter\View\View->render('admin/aturan', [], true)
 6 APPPATH\Controllers\Admin\Aturan.php(30): view('admin/aturan', [...])
 7 SYSTEMPATH\CodeIgniter.php(927): App\Controllers\Admin\Aturan->index()
 8 SYSTEMPATH\CodeIgniter.php(482): CodeIgniter\CodeIgniter->runController(Object(App\Controllers\Admin\Aturan))
 9 SYSTEMPATH\CodeIgniter.php(351): CodeIgniter\CodeIgniter->handleRequest(null, Object(Config\Cache), false)
10 FCPATH\index.php(67): CodeIgniter\CodeIgniter->run()
11 SYSTEMPATH\Commands\Server\rewrite.php(46): require_once('FCPATH\\index.php')
CRITICAL - 2022-11-14 02:00:39 --> Array to string conversion
in APPPATH\Views\admin\aturan.php on line 121.
 1 APPPATH\Views\admin\aturan.php(121): CodeIgniter\Debug\Exceptions->errorHandler(8, 'Array to string conversion', 'APPPATH\\Views\\admin\\aturan.php', 121, [...])
 2 SYSTEMPATH\View\View.php(213): include('APPPATH\\Views\\admin\\aturan.php')
 3 SYSTEMPATH\View\View.php(216): CodeIgniter\View\View->CodeIgniter\View\{closure}()
 4 SYSTEMPATH\Common.php(1134): CodeIgniter\View\View->render('admin/aturan', [], true)
 5 APPPATH\Controllers\Admin\Aturan.php(30): view('admin/aturan', [...])
 6 SYSTEMPATH\CodeIgniter.php(927): App\Controllers\Admin\Aturan->index()
 7 SYSTEMPATH\CodeIgniter.php(482): CodeIgniter\CodeIgniter->runController(Object(App\Controllers\Admin\Aturan))
 8 SYSTEMPATH\CodeIgniter.php(351): CodeIgniter\CodeIgniter->handleRequest(null, Object(Config\Cache), false)
 9 FCPATH\index.php(67): CodeIgniter\CodeIgniter->run()
10 SYSTEMPATH\Commands\Server\rewrite.php(46): require_once('FCPATH\\index.php')
CRITICAL - 2022-11-14 02:01:30 --> Array to string conversion
in APPPATH\Views\admin\aturan.php on line 122.
 1 APPPATH\Views\admin\aturan.php(122): CodeIgniter\Debug\Exceptions->errorHandler(8, 'Array to string conversion', 'APPPATH\\Views\\admin\\aturan.php', 122, [...])
 2 SYSTEMPATH\View\View.php(213): include('APPPATH\\Views\\admin\\aturan.php')
 3 SYSTEMPATH\View\View.php(216): CodeIgniter\View\View->CodeIgniter\View\{closure}()
 4 SYSTEMPATH\Common.php(1134): CodeIgniter\View\View->render('admin/aturan', [], true)
 5 APPPATH\Controllers\Admin\Aturan.php(30): view('admin/aturan', [...])
 6 SYSTEMPATH\CodeIgniter.php(927): App\Controllers\Admin\Aturan->index()
 7 SYSTEMPATH\CodeIgniter.php(482): CodeIgniter\CodeIgniter->runController(Object(App\Controllers\Admin\Aturan))
 8 SYSTEMPATH\CodeIgniter.php(351): CodeIgniter\CodeIgniter->handleRequest(null, Object(Config\Cache), false)
 9 FCPATH\index.php(67): CodeIgniter\CodeIgniter->run()
10 SYSTEMPATH\Commands\Server\rewrite.php(46): require_once('FCPATH\\index.php')
CRITICAL - 2022-11-14 02:03:15 --> Illegal string offset 'kode_gejala'
in APPPATH\Views\admin\aturan.php on line 125.
 1 APPPATH\Views\admin\aturan.php(125): CodeIgniter\Debug\Exceptions->errorHandler(2, 'Illegal string offset \'kode_gejala\'', 'APPPATH\\Views\\admin\\aturan.php', 125, [...])
 2 SYSTEMPATH\View\View.php(213): include('APPPATH\\Views\\admin\\aturan.php')
 3 SYSTEMPATH\View\View.php(216): CodeIgniter\View\View->CodeIgniter\View\{closure}()
 4 SYSTEMPATH\Common.php(1134): CodeIgniter\View\View->render('admin/aturan', [], true)
 5 APPPATH\Controllers\Admin\Aturan.php(30): view('admin/aturan', [...])
 6 SYSTEMPATH\CodeIgniter.php(927): App\Controllers\Admin\Aturan->index()
 7 SYSTEMPATH\CodeIgniter.php(482): CodeIgniter\CodeIgniter->runController(Object(App\Controllers\Admin\Aturan))
 8 SYSTEMPATH\CodeIgniter.php(351): CodeIgniter\CodeIgniter->handleRequest(null, Object(Config\Cache), false)
 9 FCPATH\index.php(67): CodeIgniter\CodeIgniter->run()
10 SYSTEMPATH\Commands\Server\rewrite.php(46): require_once('FCPATH\\index.php')
CRITICAL - 2022-11-14 02:03:54 --> Illegal string offset 'kode_gejala'
in APPPATH\Views\admin\aturan.php on line 125.
 1 APPPATH\Views\admin\aturan.php(125): CodeIgniter\Debug\Exceptions->errorHandler(2, 'Illegal string offset \'kode_gejala\'', 'APPPATH\\Views\\admin\\aturan.php', 125, [...])
 2 SYSTEMPATH\View\View.php(213): include('APPPATH\\Views\\admin\\aturan.php')
 3 SYSTEMPATH\View\View.php(216): CodeIgniter\View\View->CodeIgniter\View\{closure}()
 4 SYSTEMPATH\Common.php(1134): CodeIgniter\View\View->render('admin/aturan', [], true)
 5 APPPATH\Controllers\Admin\Aturan.php(30): view('admin/aturan', [...])
 6 SYSTEMPATH\CodeIgniter.php(927): App\Controllers\Admin\Aturan->index()
 7 SYSTEMPATH\CodeIgniter.php(482): CodeIgniter\CodeIgniter->runController(Object(App\Controllers\Admin\Aturan))
 8 SYSTEMPATH\CodeIgniter.php(351): CodeIgniter\CodeIgniter->handleRequest(null, Object(Config\Cache), false)
 9 FCPATH\index.php(67): CodeIgniter\CodeIgniter->run()
10 SYSTEMPATH\Commands\Server\rewrite.php(46): require_once('FCPATH\\index.php')
CRITICAL - 2022-11-14 02:13:29 --> Undefined variable: ag
in APPPATH\Views\admin\aturan.php on line 122.
 1 APPPATH\Views\admin\aturan.php(122): CodeIgniter\Debug\Exceptions->errorHandler(8, 'Undefined variable: ag', 'APPPATH\\Views\\admin\\aturan.php', 122, [...])
 2 SYSTEMPATH\View\View.php(213): include('APPPATH\\Views\\admin\\aturan.php')
 3 SYSTEMPATH\View\View.php(216): CodeIgniter\View\View->CodeIgniter\View\{closure}()
 4 SYSTEMPATH\Common.php(1134): CodeIgniter\View\View->render('admin/aturan', [], true)
 5 APPPATH\Controllers\Admin\Aturan.php(32): view('admin/aturan', [...])
 6 SYSTEMPATH\CodeIgniter.php(927): App\Controllers\Admin\Aturan->index()
 7 SYSTEMPATH\CodeIgniter.php(482): CodeIgniter\CodeIgniter->runController(Object(App\Controllers\Admin\Aturan))
 8 SYSTEMPATH\CodeIgniter.php(351): CodeIgniter\CodeIgniter->handleRequest(null, Object(Config\Cache), false)
 9 FCPATH\index.php(67): CodeIgniter\CodeIgniter->run()
10 SYSTEMPATH\Commands\Server\rewrite.php(46): require_once('FCPATH\\index.php')
CRITICAL - 2022-11-14 02:13:31 --> Undefined variable: ag
in APPPATH\Views\admin\aturan.php on line 122.
 1 APPPATH\Views\admin\aturan.php(122): CodeIgniter\Debug\Exceptions->errorHandler(8, 'Undefined variable: ag', 'APPPATH\\Views\\admin\\aturan.php', 122, [...])
 2 SYSTEMPATH\View\View.php(213): include('APPPATH\\Views\\admin\\aturan.php')
 3 SYSTEMPATH\View\View.php(216): CodeIgniter\View\View->CodeIgniter\View\{closure}()
 4 SYSTEMPATH\Common.php(1134): CodeIgniter\View\View->render('admin/aturan', [], true)
 5 APPPATH\Controllers\Admin\Aturan.php(32): view('admin/aturan', [...])
 6 SYSTEMPATH\CodeIgniter.php(927): App\Controllers\Admin\Aturan->index()
 7 SYSTEMPATH\CodeIgniter.php(482): CodeIgniter\CodeIgniter->runController(Object(App\Controllers\Admin\Aturan))
 8 SYSTEMPATH\CodeIgniter.php(351): CodeIgniter\CodeIgniter->handleRequest(null, Object(Config\Cache), false)
 9 FCPATH\index.php(67): CodeIgniter\CodeIgniter->run()
10 SYSTEMPATH\Commands\Server\rewrite.php(46): require_once('FCPATH\\index.php')
CRITICAL - 2022-11-14 02:13:34 --> Undefined variable: ag
in APPPATH\Views\admin\aturan.php on line 122.
 1 APPPATH\Views\admin\aturan.php(122): CodeIgniter\Debug\Exceptions->errorHandler(8, 'Undefined variable: ag', 'APPPATH\\Views\\admin\\aturan.php', 122, [...])
 2 SYSTEMPATH\View\View.php(213): include('APPPATH\\Views\\admin\\aturan.php')
 3 SYSTEMPATH\View\View.php(216): CodeIgniter\View\View->CodeIgniter\View\{closure}()
 4 SYSTEMPATH\Common.php(1134): CodeIgniter\View\View->render('admin/aturan', [], true)
 5 APPPATH\Controllers\Admin\Aturan.php(32): view('admin/aturan', [...])
 6 SYSTEMPATH\CodeIgniter.php(927): App\Controllers\Admin\Aturan->index()
 7 SYSTEMPATH\CodeIgniter.php(482): CodeIgniter\CodeIgniter->runController(Object(App\Controllers\Admin\Aturan))
 8 SYSTEMPATH\CodeIgniter.php(351): CodeIgniter\CodeIgniter->handleRequest(null, Object(Config\Cache), false)
 9 FCPATH\index.php(67): CodeIgniter\CodeIgniter->run()
10 SYSTEMPATH\Commands\Server\rewrite.php(46): require_once('FCPATH\\index.php')
CRITICAL - 2022-11-14 02:19:20 --> count(): Parameter must be an array or an object that implements Countable
in APPPATH\Views\admin\aturan.php on line 122.
 1 APPPATH\Views\admin\aturan.php(122): CodeIgniter\Debug\Exceptions->errorHandler(2, 'count(): Parameter must be an array or an object that implements Countable', 'APPPATH\\Views\\admin\\aturan.php', 122, [...])
 2 SYSTEMPATH\View\View.php(213): include('APPPATH\\Views\\admin\\aturan.php')
 3 SYSTEMPATH\View\View.php(216): CodeIgniter\View\View->CodeIgniter\View\{closure}()
 4 SYSTEMPATH\Common.php(1134): CodeIgniter\View\View->render('admin/aturan', [], true)
 5 APPPATH\Controllers\Admin\Aturan.php(32): view('admin/aturan', [...])
 6 SYSTEMPATH\CodeIgniter.php(927): App\Controllers\Admin\Aturan->index()
 7 SYSTEMPATH\CodeIgniter.php(482): CodeIgniter\CodeIgniter->runController(Object(App\Controllers\Admin\Aturan))
 8 SYSTEMPATH\CodeIgniter.php(351): CodeIgniter\CodeIgniter->handleRequest(null, Object(Config\Cache), false)
 9 FCPATH\index.php(67): CodeIgniter\CodeIgniter->run()
10 SYSTEMPATH\Commands\Server\rewrite.php(46): require_once('FCPATH\\index.php')
CRITICAL - 2022-11-14 02:19:54 --> count(): Parameter must be an array or an object that implements Countable
in APPPATH\Views\admin\aturan.php on line 122.
 1 APPPATH\Views\admin\aturan.php(122): CodeIgniter\Debug\Exceptions->errorHandler(2, 'count(): Parameter must be an array or an object that implements Countable', 'APPPATH\\Views\\admin\\aturan.php', 122, [...])
 2 SYSTEMPATH\View\View.php(213): include('APPPATH\\Views\\admin\\aturan.php')
 3 SYSTEMPATH\View\View.php(216): CodeIgniter\View\View->CodeIgniter\View\{closure}()
 4 SYSTEMPATH\Common.php(1134): CodeIgniter\View\View->render('admin/aturan', [], true)
 5 APPPATH\Controllers\Admin\Aturan.php(32): view('admin/aturan', [...])
 6 SYSTEMPATH\CodeIgniter.php(927): App\Controllers\Admin\Aturan->index()
 7 SYSTEMPATH\CodeIgniter.php(482): CodeIgniter\CodeIgniter->runController(Object(App\Controllers\Admin\Aturan))
 8 SYSTEMPATH\CodeIgniter.php(351): CodeIgniter\CodeIgniter->handleRequest(null, Object(Config\Cache), false)
 9 FCPATH\index.php(67): CodeIgniter\CodeIgniter->run()
10 SYSTEMPATH\Commands\Server\rewrite.php(46): require_once('FCPATH\\index.php')
CRITICAL - 2022-11-14 02:23:52 --> count(): Parameter must be an array or an object that implements Countable
in APPPATH\Views\admin\aturan.php on line 122.
 1 APPPATH\Views\admin\aturan.php(122): CodeIgniter\Debug\Exceptions->errorHandler(2, 'count(): Parameter must be an array or an object that implements Countable', 'APPPATH\\Views\\admin\\aturan.php', 122, [...])
 2 SYSTEMPATH\View\View.php(213): include('APPPATH\\Views\\admin\\aturan.php')
 3 SYSTEMPATH\View\View.php(216): CodeIgniter\View\View->CodeIgniter\View\{closure}()
 4 SYSTEMPATH\Common.php(1134): CodeIgniter\View\View->render('admin/aturan', [], true)
 5 APPPATH\Controllers\Admin\Aturan.php(32): view('admin/aturan', [...])
 6 SYSTEMPATH\CodeIgniter.php(927): App\Controllers\Admin\Aturan->index()
 7 SYSTEMPATH\CodeIgniter.php(482): CodeIgniter\CodeIgniter->runController(Object(App\Controllers\Admin\Aturan))
 8 SYSTEMPATH\CodeIgniter.php(351): CodeIgniter\CodeIgniter->handleRequest(null, Object(Config\Cache), false)
 9 FCPATH\index.php(67): CodeIgniter\CodeIgniter->run()
10 SYSTEMPATH\Commands\Server\rewrite.php(46): require_once('FCPATH\\index.php')
CRITICAL - 2022-11-14 02:32:13 --> Undefined variable: i
in APPPATH\Views\admin\aturan.php on line 121.
 1 APPPATH\Views\admin\aturan.php(121): CodeIgniter\Debug\Exceptions->errorHandler(8, 'Undefined variable: i', 'APPPATH\\Views\\admin\\aturan.php', 121, [...])
 2 SYSTEMPATH\View\View.php(213): include('APPPATH\\Views\\admin\\aturan.php')
 3 SYSTEMPATH\View\View.php(216): CodeIgniter\View\View->CodeIgniter\View\{closure}()
 4 SYSTEMPATH\Common.php(1134): CodeIgniter\View\View->render('admin/aturan', [], true)
 5 APPPATH\Controllers\Admin\Aturan.php(32): view('admin/aturan', [...])
 6 SYSTEMPATH\CodeIgniter.php(927): App\Controllers\Admin\Aturan->index()
 7 SYSTEMPATH\CodeIgniter.php(482): CodeIgniter\CodeIgniter->runController(Object(App\Controllers\Admin\Aturan))
 8 SYSTEMPATH\CodeIgniter.php(351): CodeIgniter\CodeIgniter->handleRequest(null, Object(Config\Cache), false)
 9 FCPATH\index.php(67): CodeIgniter\CodeIgniter->run()
10 SYSTEMPATH\Commands\Server\rewrite.php(46): require_once('FCPATH\\index.php')
CRITICAL - 2022-11-14 02:33:10 --> Undefined variable: i
in APPPATH\Views\admin\aturan.php on line 121.
 1 APPPATH\Views\admin\aturan.php(121): CodeIgniter\Debug\Exceptions->errorHandler(8, 'Undefined variable: i', 'APPPATH\\Views\\admin\\aturan.php', 121, [...])
 2 SYSTEMPATH\View\View.php(213): include('APPPATH\\Views\\admin\\aturan.php')
 3 SYSTEMPATH\View\View.php(216): CodeIgniter\View\View->CodeIgniter\View\{closure}()
 4 SYSTEMPATH\Common.php(1134): CodeIgniter\View\View->render('admin/aturan', [], true)
 5 APPPATH\Controllers\Admin\Aturan.php(32): view('admin/aturan', [...])
 6 SYSTEMPATH\CodeIgniter.php(927): App\Controllers\Admin\Aturan->index()
 7 SYSTEMPATH\CodeIgniter.php(482): CodeIgniter\CodeIgniter->runController(Object(App\Controllers\Admin\Aturan))
 8 SYSTEMPATH\CodeIgniter.php(351): CodeIgniter\CodeIgniter->handleRequest(null, Object(Config\Cache), false)
 9 FCPATH\index.php(67): CodeIgniter\CodeIgniter->run()
10 SYSTEMPATH\Commands\Server\rewrite.php(46): require_once('FCPATH\\index.php')
CRITICAL - 2022-11-14 02:33:57 --> Array to string conversion
in APPPATH\Views\admin\aturan.php on line 121.
 1 APPPATH\Views\admin\aturan.php(121): CodeIgniter\Debug\Exceptions->errorHandler(8, 'Array to string conversion', 'APPPATH\\Views\\admin\\aturan.php', 121, [...])
 2 SYSTEMPATH\View\View.php(213): include('APPPATH\\Views\\admin\\aturan.php')
 3 SYSTEMPATH\View\View.php(216): CodeIgniter\View\View->CodeIgniter\View\{closure}()
 4 SYSTEMPATH\Common.php(1134): CodeIgniter\View\View->render('admin/aturan', [], true)
 5 APPPATH\Controllers\Admin\Aturan.php(32): view('admin/aturan', [...])
 6 SYSTEMPATH\CodeIgniter.php(927): App\Controllers\Admin\Aturan->index()
 7 SYSTEMPATH\CodeIgniter.php(482): CodeIgniter\CodeIgniter->runController(Object(App\Controllers\Admin\Aturan))
 8 SYSTEMPATH\CodeIgniter.php(351): CodeIgniter\CodeIgniter->handleRequest(null, Object(Config\Cache), false)
 9 FCPATH\index.php(67): CodeIgniter\CodeIgniter->run()
10 SYSTEMPATH\Commands\Server\rewrite.php(46): require_once('FCPATH\\index.php')
CRITICAL - 2022-11-14 02:42:06 --> syntax error, unexpected '.', expecting ';'
in APPPATH\Views\admin\aturan.php on line 120.
 1 SYSTEMPATH\View\View.php(216): CodeIgniter\View\View->CodeIgniter\View\{closure}()
 2 SYSTEMPATH\Common.php(1134): CodeIgniter\View\View->render('admin/aturan', [], true)
 3 APPPATH\Controllers\Admin\Aturan.php(32): view('admin/aturan', [...])
 4 SYSTEMPATH\CodeIgniter.php(927): App\Controllers\Admin\Aturan->index()
 5 SYSTEMPATH\CodeIgniter.php(482): CodeIgniter\CodeIgniter->runController(Object(App\Controllers\Admin\Aturan))
 6 SYSTEMPATH\CodeIgniter.php(351): CodeIgniter\CodeIgniter->handleRequest(null, Object(Config\Cache), false)
 7 FCPATH\index.php(67): CodeIgniter\CodeIgniter->run()
 8 SYSTEMPATH\Commands\Server\rewrite.php(46): require_once('FCPATH\\index.php')
CRITICAL - 2022-11-14 02:42:43 --> Array to string conversion
in APPPATH\Views\admin\aturan.php on line 123.
 1 APPPATH\Views\admin\aturan.php(123): CodeIgniter\Debug\Exceptions->errorHandler(8, 'Array to string conversion', 'APPPATH\\Views\\admin\\aturan.php', 123, [...])
 2 SYSTEMPATH\View\View.php(213): include('APPPATH\\Views\\admin\\aturan.php')
 3 SYSTEMPATH\View\View.php(216): CodeIgniter\View\View->CodeIgniter\View\{closure}()
 4 SYSTEMPATH\Common.php(1134): CodeIgniter\View\View->render('admin/aturan', [], true)
 5 APPPATH\Controllers\Admin\Aturan.php(32): view('admin/aturan', [...])
 6 SYSTEMPATH\CodeIgniter.php(927): App\Controllers\Admin\Aturan->index()
 7 SYSTEMPATH\CodeIgniter.php(482): CodeIgniter\CodeIgniter->runController(Object(App\Controllers\Admin\Aturan))
 8 SYSTEMPATH\CodeIgniter.php(351): CodeIgniter\CodeIgniter->handleRequest(null, Object(Config\Cache), false)
 9 FCPATH\index.php(67): CodeIgniter\CodeIgniter->run()
10 SYSTEMPATH\Commands\Server\rewrite.php(46): require_once('FCPATH\\index.php')
CRITICAL - 2022-11-14 02:43:14 --> Illegal string offset '$0'
in APPPATH\Views\admin\aturan.php on line 123.
 1 APPPATH\Views\admin\aturan.php(123): CodeIgniter\Debug\Exceptions->errorHandler(2, 'Illegal string offset \'$0\'', 'APPPATH\\Views\\admin\\aturan.php', 123, [...])
 2 SYSTEMPATH\View\View.php(213): include('APPPATH\\Views\\admin\\aturan.php')
 3 SYSTEMPATH\View\View.php(216): CodeIgniter\View\View->CodeIgniter\View\{closure}()
 4 SYSTEMPATH\Common.php(1134): CodeIgniter\View\View->render('admin/aturan', [], true)
 5 APPPATH\Controllers\Admin\Aturan.php(32): view('admin/aturan', [...])
 6 SYSTEMPATH\CodeIgniter.php(927): App\Controllers\Admin\Aturan->index()
 7 SYSTEMPATH\CodeIgniter.php(482): CodeIgniter\CodeIgniter->runController(Object(App\Controllers\Admin\Aturan))
 8 SYSTEMPATH\CodeIgniter.php(351): CodeIgniter\CodeIgniter->handleRequest(null, Object(Config\Cache), false)
 9 FCPATH\index.php(67): CodeIgniter\CodeIgniter->run()
10 SYSTEMPATH\Commands\Server\rewrite.php(46): require_once('FCPATH\\index.php')
CRITICAL - 2022-11-14 02:44:36 --> count(): Parameter must be an array or an object that implements Countable
in APPPATH\Views\admin\aturan.php on line 120.
 1 APPPATH\Views\admin\aturan.php(120): CodeIgniter\Debug\Exceptions->errorHandler(2, 'count(): Parameter must be an array or an object that implements Countable', 'APPPATH\\Views\\admin\\aturan.php', 120, [...])
 2 SYSTEMPATH\View\View.php(213): include('APPPATH\\Views\\admin\\aturan.php')
 3 SYSTEMPATH\View\View.php(216): CodeIgniter\View\View->CodeIgniter\View\{closure}()
 4 SYSTEMPATH\Common.php(1134): CodeIgniter\View\View->render('admin/aturan', [], true)
 5 APPPATH\Controllers\Admin\Aturan.php(32): view('admin/aturan', [...])
 6 SYSTEMPATH\CodeIgniter.php(927): App\Controllers\Admin\Aturan->index()
 7 SYSTEMPATH\CodeIgniter.php(482): CodeIgniter\CodeIgniter->runController(Object(App\Controllers\Admin\Aturan))
 8 SYSTEMPATH\CodeIgniter.php(351): CodeIgniter\CodeIgniter->handleRequest(null, Object(Config\Cache), false)
 9 FCPATH\index.php(67): CodeIgniter\CodeIgniter->run()
10 SYSTEMPATH\Commands\Server\rewrite.php(46): require_once('FCPATH\\index.php')
CRITICAL - 2022-11-14 02:45:57 --> count(): Parameter must be an array or an object that implements Countable
in APPPATH\Views\admin\aturan.php on line 120.
 1 APPPATH\Views\admin\aturan.php(120): CodeIgniter\Debug\Exceptions->errorHandler(2, 'count(): Parameter must be an array or an object that implements Countable', 'APPPATH\\Views\\admin\\aturan.php', 120, [...])
 2 SYSTEMPATH\View\View.php(213): include('APPPATH\\Views\\admin\\aturan.php')
 3 SYSTEMPATH\View\View.php(216): CodeIgniter\View\View->CodeIgniter\View\{closure}()
 4 SYSTEMPATH\Common.php(1134): CodeIgniter\View\View->render('admin/aturan', [], true)
 5 APPPATH\Controllers\Admin\Aturan.php(32): view('admin/aturan', [...])
 6 SYSTEMPATH\CodeIgniter.php(927): App\Controllers\Admin\Aturan->index()
 7 SYSTEMPATH\CodeIgniter.php(482): CodeIgniter\CodeIgniter->runController(Object(App\Controllers\Admin\Aturan))
 8 SYSTEMPATH\CodeIgniter.php(351): CodeIgniter\CodeIgniter->handleRequest(null, Object(Config\Cache), false)
 9 FCPATH\index.php(67): CodeIgniter\CodeIgniter->run()
10 SYSTEMPATH\Commands\Server\rewrite.php(46): require_once('FCPATH\\index.php')
CRITICAL - 2022-11-14 02:47:18 --> count(): Parameter must be an array or an object that implements Countable
in APPPATH\Views\admin\aturan.php on line 120.
 1 APPPATH\Views\admin\aturan.php(120): CodeIgniter\Debug\Exceptions->errorHandler(2, 'count(): Parameter must be an array or an object that implements Countable', 'APPPATH\\Views\\admin\\aturan.php', 120, [...])
 2 SYSTEMPATH\View\View.php(213): include('APPPATH\\Views\\admin\\aturan.php')
 3 SYSTEMPATH\View\View.php(216): CodeIgniter\View\View->CodeIgniter\View\{closure}()
 4 SYSTEMPATH\Common.php(1134): CodeIgniter\View\View->render('admin/aturan', [], true)
 5 APPPATH\Controllers\Admin\Aturan.php(32): view('admin/aturan', [...])
 6 SYSTEMPATH\CodeIgniter.php(927): App\Controllers\Admin\Aturan->index()
 7 SYSTEMPATH\CodeIgniter.php(482): CodeIgniter\CodeIgniter->runController(Object(App\Controllers\Admin\Aturan))
 8 SYSTEMPATH\CodeIgniter.php(351): CodeIgniter\CodeIgniter->handleRequest(null, Object(Config\Cache), false)
 9 FCPATH\index.php(67): CodeIgniter\CodeIgniter->run()
10 SYSTEMPATH\Commands\Server\rewrite.php(46): require_once('FCPATH\\index.php')
CRITICAL - 2022-11-14 02:49:13 --> count(): Parameter must be an array or an object that implements Countable
in APPPATH\Views\admin\aturan.php on line 120.
 1 APPPATH\Views\admin\aturan.php(120): CodeIgniter\Debug\Exceptions->errorHandler(2, 'count(): Parameter must be an array or an object that implements Countable', 'APPPATH\\Views\\admin\\aturan.php', 120, [...])
 2 SYSTEMPATH\View\View.php(213): include('APPPATH\\Views\\admin\\aturan.php')
 3 SYSTEMPATH\View\View.php(216): CodeIgniter\View\View->CodeIgniter\View\{closure}()
 4 SYSTEMPATH\Common.php(1134): CodeIgniter\View\View->render('admin/aturan', [], true)
 5 APPPATH\Controllers\Admin\Aturan.php(32): view('admin/aturan', [...])
 6 SYSTEMPATH\CodeIgniter.php(927): App\Controllers\Admin\Aturan->index()
 7 SYSTEMPATH\CodeIgniter.php(482): CodeIgniter\CodeIgniter->runController(Object(App\Controllers\Admin\Aturan))
 8 SYSTEMPATH\CodeIgniter.php(351): CodeIgniter\CodeIgniter->handleRequest(null, Object(Config\Cache), false)
 9 FCPATH\index.php(67): CodeIgniter\CodeIgniter->run()
10 SYSTEMPATH\Commands\Server\rewrite.php(46): require_once('FCPATH\\index.php')
CRITICAL - 2022-11-14 02:50:36 --> count(): Parameter must be an array or an object that implements Countable
in APPPATH\Views\admin\aturan.php on line 120.
 1 APPPATH\Views\admin\aturan.php(120): CodeIgniter\Debug\Exceptions->errorHandler(2, 'count(): Parameter must be an array or an object that implements Countable', 'APPPATH\\Views\\admin\\aturan.php', 120, [...])
 2 SYSTEMPATH\View\View.php(213): include('APPPATH\\Views\\admin\\aturan.php')
 3 SYSTEMPATH\View\View.php(216): CodeIgniter\View\View->CodeIgniter\View\{closure}()
 4 SYSTEMPATH\Common.php(1134): CodeIgniter\View\View->render('admin/aturan', [], true)
 5 APPPATH\Controllers\Admin\Aturan.php(32): view('admin/aturan', [...])
 6 SYSTEMPATH\CodeIgniter.php(927): App\Controllers\Admin\Aturan->index()
 7 SYSTEMPATH\CodeIgniter.php(482): CodeIgniter\CodeIgniter->runController(Object(App\Controllers\Admin\Aturan))
 8 SYSTEMPATH\CodeIgniter.php(351): CodeIgniter\CodeIgniter->handleRequest(null, Object(Config\Cache), false)
 9 FCPATH\index.php(67): CodeIgniter\CodeIgniter->run()
10 SYSTEMPATH\Commands\Server\rewrite.php(46): require_once('FCPATH\\index.php')
CRITICAL - 2022-11-14 02:51:25 --> Undefined index: $["G01"]
in APPPATH\Views\admin\aturan.php on line 123.
 1 APPPATH\Views\admin\aturan.php(123): CodeIgniter\Debug\Exceptions->errorHandler(8, 'Undefined index: $["G01"]', 'APPPATH\\Views\\admin\\aturan.php', 123, [...])
 2 SYSTEMPATH\View\View.php(213): include('APPPATH\\Views\\admin\\aturan.php')
 3 SYSTEMPATH\View\View.php(216): CodeIgniter\View\View->CodeIgniter\View\{closure}()
 4 SYSTEMPATH\Common.php(1134): CodeIgniter\View\View->render('admin/aturan', [], true)
 5 APPPATH\Controllers\Admin\Aturan.php(32): view('admin/aturan', [...])
 6 SYSTEMPATH\CodeIgniter.php(927): App\Controllers\Admin\Aturan->index()
 7 SYSTEMPATH\CodeIgniter.php(482): CodeIgniter\CodeIgniter->runController(Object(App\Controllers\Admin\Aturan))
 8 SYSTEMPATH\CodeIgniter.php(351): CodeIgniter\CodeIgniter->handleRequest(null, Object(Config\Cache), false)
 9 FCPATH\index.php(67): CodeIgniter\CodeIgniter->run()
10 SYSTEMPATH\Commands\Server\rewrite.php(46): require_once('FCPATH\\index.php')
CRITICAL - 2022-11-14 02:52:07 --> Undefined index: $["G01"]
in APPPATH\Views\admin\aturan.php on line 123.
 1 APPPATH\Views\admin\aturan.php(123): CodeIgniter\Debug\Exceptions->errorHandler(8, 'Undefined index: $["G01"]', 'APPPATH\\Views\\admin\\aturan.php', 123, [...])
 2 SYSTEMPATH\View\View.php(213): include('APPPATH\\Views\\admin\\aturan.php')
 3 SYSTEMPATH\View\View.php(216): CodeIgniter\View\View->CodeIgniter\View\{closure}()
 4 SYSTEMPATH\Common.php(1134): CodeIgniter\View\View->render('admin/aturan', [], true)
 5 APPPATH\Controllers\Admin\Aturan.php(32): view('admin/aturan', [...])
 6 SYSTEMPATH\CodeIgniter.php(927): App\Controllers\Admin\Aturan->index()
 7 SYSTEMPATH\CodeIgniter.php(482): CodeIgniter\CodeIgniter->runController(Object(App\Controllers\Admin\Aturan))
 8 SYSTEMPATH\CodeIgniter.php(351): CodeIgniter\CodeIgniter->handleRequest(null, Object(Config\Cache), false)
 9 FCPATH\index.php(67): CodeIgniter\CodeIgniter->run()
10 SYSTEMPATH\Commands\Server\rewrite.php(46): require_once('FCPATH\\index.php')
CRITICAL - 2022-11-14 02:52:50 --> Allowed memory size of 536870912 bytes exhausted (tried to allocate 266354688 bytes)
in APPPATH\Views\admin\aturan.php on line 123.
 1 [internal function]: CodeIgniter\Debug\Exceptions->shutdownHandler()
CRITICAL - 2022-11-14 02:53:19 --> Undefined offset: 1
in APPPATH\Views\admin\aturan.php on line 123.
 1 APPPATH\Views\admin\aturan.php(123): CodeIgniter\Debug\Exceptions->errorHandler(8, 'Undefined offset: 1', 'APPPATH\\Views\\admin\\aturan.php', 123, [...])
 2 SYSTEMPATH\View\View.php(213): include('APPPATH\\Views\\admin\\aturan.php')
 3 SYSTEMPATH\View\View.php(216): CodeIgniter\View\View->CodeIgniter\View\{closure}()
 4 SYSTEMPATH\Common.php(1134): CodeIgniter\View\View->render('admin/aturan', [], true)
 5 APPPATH\Controllers\Admin\Aturan.php(32): view('admin/aturan', [...])
 6 SYSTEMPATH\CodeIgniter.php(927): App\Controllers\Admin\Aturan->index()
 7 SYSTEMPATH\CodeIgniter.php(482): CodeIgniter\CodeIgniter->runController(Object(App\Controllers\Admin\Aturan))
 8 SYSTEMPATH\CodeIgniter.php(351): CodeIgniter\CodeIgniter->handleRequest(null, Object(Config\Cache), false)
 9 FCPATH\index.php(67): CodeIgniter\CodeIgniter->run()
10 SYSTEMPATH\Commands\Server\rewrite.php(46): require_once('FCPATH\\index.php')
CRITICAL - 2022-11-14 02:53:48 --> Allowed memory size of 536870912 bytes exhausted (tried to allocate 266354688 bytes)
in APPPATH\Views\admin\aturan.php on line 123.
 1 [internal function]: CodeIgniter\Debug\Exceptions->shutdownHandler()
CRITICAL - 2022-11-14 02:54:51 --> Allowed memory size of 536870912 bytes exhausted (tried to allocate 266354688 bytes)
in APPPATH\Views\admin\aturan.php on line 123.
 1 [internal function]: CodeIgniter\Debug\Exceptions->shutdownHandler()
CRITICAL - 2022-11-14 03:01:23 --> Array to string conversion
in APPPATH\Views\admin\aturan.php on line 123.
 1 APPPATH\Views\admin\aturan.php(123): CodeIgniter\Debug\Exceptions->errorHandler(8, 'Array to string conversion', 'APPPATH\\Views\\admin\\aturan.php', 123, [...])
 2 SYSTEMPATH\View\View.php(213): include('APPPATH\\Views\\admin\\aturan.php')
 3 SYSTEMPATH\View\View.php(216): CodeIgniter\View\View->CodeIgniter\View\{closure}()
 4 SYSTEMPATH\Common.php(1134): CodeIgniter\View\View->render('admin/aturan', [], true)
 5 APPPATH\Controllers\Admin\Aturan.php(32): view('admin/aturan', [...])
 6 SYSTEMPATH\CodeIgniter.php(927): App\Controllers\Admin\Aturan->index()
 7 SYSTEMPATH\CodeIgniter.php(482): CodeIgniter\CodeIgniter->runController(Object(App\Controllers\Admin\Aturan))
 8 SYSTEMPATH\CodeIgniter.php(351): CodeIgniter\CodeIgniter->handleRequest(null, Object(Config\Cache), false)
 9 FCPATH\index.php(67): CodeIgniter\CodeIgniter->run()
10 SYSTEMPATH\Commands\Server\rewrite.php(46): require_once('FCPATH\\index.php')
CRITICAL - 2022-11-14 05:45:12 --> Undefined offset: 1
in APPPATH\Views\admin\aturan.php on line 123.
 1 APPPATH\Views\admin\aturan.php(123): CodeIgniter\Debug\Exceptions->errorHandler(8, 'Undefined offset: 1', 'APPPATH\\Views\\admin\\aturan.php', 123, [...])
 2 SYSTEMPATH\View\View.php(213): include('APPPATH\\Views\\admin\\aturan.php')
 3 SYSTEMPATH\View\View.php(216): CodeIgniter\View\View->CodeIgniter\View\{closure}()
 4 SYSTEMPATH\Common.php(1134): CodeIgniter\View\View->render('admin/aturan', [], true)
 5 APPPATH\Controllers\Admin\Aturan.php(32): view('admin/aturan', [...])
 6 SYSTEMPATH\CodeIgniter.php(927): App\Controllers\Admin\Aturan->index()
 7 SYSTEMPATH\CodeIgniter.php(482): CodeIgniter\CodeIgniter->runController(Object(App\Controllers\Admin\Aturan))
 8 SYSTEMPATH\CodeIgniter.php(351): CodeIgniter\CodeIgniter->handleRequest(null, Object(Config\Cache), false)
 9 FCPATH\index.php(67): CodeIgniter\CodeIgniter->run()
10 SYSTEMPATH\Commands\Server\rewrite.php(46): require_once('FCPATH\\index.php')
CRITICAL - 2022-11-14 06:14:24 --> Undefined variable: j
in APPPATH\Views\admin\aturan.php on line 137.
 1 APPPATH\Views\admin\aturan.php(137): CodeIgniter\Debug\Exceptions->errorHandler(8, 'Undefined variable: j', 'APPPATH\\Views\\admin\\aturan.php', 137, [...])
 2 SYSTEMPATH\View\View.php(213): include('APPPATH\\Views\\admin\\aturan.php')
 3 SYSTEMPATH\View\View.php(216): CodeIgniter\View\View->CodeIgniter\View\{closure}()
 4 SYSTEMPATH\Common.php(1134): CodeIgniter\View\View->render('admin/aturan', [], true)
 5 APPPATH\Controllers\Admin\Aturan.php(32): view('admin/aturan', [...])
 6 SYSTEMPATH\CodeIgniter.php(927): App\Controllers\Admin\Aturan->index()
 7 SYSTEMPATH\CodeIgniter.php(482): CodeIgniter\CodeIgniter->runController(Object(App\Controllers\Admin\Aturan))
 8 SYSTEMPATH\CodeIgniter.php(351): CodeIgniter\CodeIgniter->handleRequest(null, Object(Config\Cache), false)
 9 FCPATH\index.php(67): CodeIgniter\CodeIgniter->run()
10 SYSTEMPATH\Commands\Server\rewrite.php(46): require_once('FCPATH\\index.php')
CRITICAL - 2022-11-14 06:15:20 --> count(): Parameter must be an array or an object that implements Countable
in APPPATH\Views\admin\aturan.php on line 120.
 1 APPPATH\Views\admin\aturan.php(120): CodeIgniter\Debug\Exceptions->errorHandler(2, 'count(): Parameter must be an array or an object that implements Countable', 'APPPATH\\Views\\admin\\aturan.php', 120, [...])
 2 SYSTEMPATH\View\View.php(213): include('APPPATH\\Views\\admin\\aturan.php')
 3 SYSTEMPATH\View\View.php(216): CodeIgniter\View\View->CodeIgniter\View\{closure}()
 4 SYSTEMPATH\Common.php(1134): CodeIgniter\View\View->render('admin/aturan', [], true)
 5 APPPATH\Controllers\Admin\Aturan.php(32): view('admin/aturan', [...])
 6 SYSTEMPATH\CodeIgniter.php(927): App\Controllers\Admin\Aturan->index()
 7 SYSTEMPATH\CodeIgniter.php(482): CodeIgniter\CodeIgniter->runController(Object(App\Controllers\Admin\Aturan))
 8 SYSTEMPATH\CodeIgniter.php(351): CodeIgniter\CodeIgniter->handleRequest(null, Object(Config\Cache), false)
 9 FCPATH\index.php(67): CodeIgniter\CodeIgniter->run()
10 SYSTEMPATH\Commands\Server\rewrite.php(46): require_once('FCPATH\\index.php')
