ERROR - 2022-11-15 01:44:08 --> Error connecting to the database: mysqli_sql_exception: No connection could be made because the target machine actively refused it.
 in C:\xampp\htdocs\sp-kamera\system\Database\MySQLi\Connection.php:171
Stack trace:
#0 C:\xampp\htdocs\sp-kamera\system\Database\MySQLi\Connection.php(171): mysqli->real_connect('localhost', 'root', '', 'sp_kamera', 3306, '', 0)
#1 C:\xampp\htdocs\sp-kamera\system\Database\BaseConnection.php(382): CodeIgniter\Database\MySQLi\Connection->connect(false)
#2 C:\xampp\htdocs\sp-kamera\system\Database\BaseConnection.php(561): CodeIgniter\Database\BaseConnection->initialize()
#3 C:\xampp\htdocs\sp-kamera\system\Database\BaseBuilder.php(1585): CodeIgniter\Database\BaseConnection->query('SELECT *\nFROM `...', Array, false)
#4 C:\xampp\htdocs\sp-kamera\system\Model.php(223): CodeIgniter\Database\BaseBuilder->get()
#5 C:\xampp\htdocs\sp-kamera\system\BaseModel.php(585): CodeIgniter\Model->doFindAll(0, 0)
#6 C:\xampp\htdocs\sp-kamera\app\Controllers\Dashboard.php(17): CodeIgniter\BaseModel->findAll()
#7 C:\xampp\htdocs\sp-kamera\system\CodeIgniter.php(927): App\Controllers\Dashboard->index()
#8 C:\xampp\htdocs\sp-kamera\system\CodeIgniter.php(482): CodeIgniter\CodeIgniter->runController(Object(App\Controllers\Dashboard))
#9 C:\xampp\htdocs\sp-kamera\system\CodeIgniter.php(351): CodeIgniter\CodeIgniter->handleRequest(NULL, Object(Config\Cache), false)
#10 C:\xampp\htdocs\sp-kamera\public\index.php(67): CodeIgniter\CodeIgniter->run()
#11 C:\xampp\htdocs\sp-kamera\system\Commands\Server\rewrite.php(46): require_once('C:\\xampp\\htdocs...')
#12 {main}

Next CodeIgniter\Database\Exceptions\DatabaseException: No connection could be made because the target machine actively refused it.
 in C:\xampp\htdocs\sp-kamera\system\Database\MySQLi\Connection.php:215
Stack trace:
#0 C:\xampp\htdocs\sp-kamera\system\Database\BaseConnection.php(382): CodeIgniter\Database\MySQLi\Connection->connect(false)
#1 C:\xampp\htdocs\sp-kamera\system\Database\BaseConnection.php(561): CodeIgniter\Database\BaseConnection->initialize()
#2 C:\xampp\htdocs\sp-kamera\system\Database\BaseBuilder.php(1585): CodeIgniter\Database\BaseConnection->query('SELECT *\nFROM `...', Array, false)
#3 C:\xampp\htdocs\sp-kamera\system\Model.php(223): CodeIgniter\Database\BaseBuilder->get()
#4 C:\xampp\htdocs\sp-kamera\system\BaseModel.php(585): CodeIgniter\Model->doFindAll(0, 0)
#5 C:\xampp\htdocs\sp-kamera\app\Controllers\Dashboard.php(17): CodeIgniter\BaseModel->findAll()
#6 C:\xampp\htdocs\sp-kamera\system\CodeIgniter.php(927): App\Controllers\Dashboard->index()
#7 C:\xampp\htdocs\sp-kamera\system\CodeIgniter.php(482): CodeIgniter\CodeIgniter->runController(Object(App\Controllers\Dashboard))
#8 C:\xampp\htdocs\sp-kamera\system\CodeIgniter.php(351): CodeIgniter\CodeIgniter->handleRequest(NULL, Object(Config\Cache), false)
#9 C:\xampp\htdocs\sp-kamera\public\index.php(67): CodeIgniter\CodeIgniter->run()
#10 C:\xampp\htdocs\sp-kamera\system\Commands\Server\rewrite.php(46): require_once('C:\\xampp\\htdocs...')
#11 {main}
CRITICAL - 2022-11-15 01:44:08 --> Unable to connect to the database.
Main connection [MySQLi]: No connection could be made because the target machine actively refused it.

in SYSTEMPATH\Database\BaseConnection.php on line 418.
 1 SYSTEMPATH\Database\BaseConnection.php(561): CodeIgniter\Database\BaseConnection->initialize()
 2 SYSTEMPATH\Database\BaseBuilder.php(1585): CodeIgniter\Database\BaseConnection->query('SELECT *
FROM `tb_gejala`', [], false)
 3 SYSTEMPATH\Model.php(223): CodeIgniter\Database\BaseBuilder->get()
 4 SYSTEMPATH\BaseModel.php(585): CodeIgniter\Model->doFindAll(0, 0)
 5 APPPATH\Controllers\Dashboard.php(17): CodeIgniter\BaseModel->findAll()
 6 SYSTEMPATH\CodeIgniter.php(927): App\Controllers\Dashboard->index()
 7 SYSTEMPATH\CodeIgniter.php(482): CodeIgniter\CodeIgniter->runController(Object(App\Controllers\Dashboard))
 8 SYSTEMPATH\CodeIgniter.php(351): CodeIgniter\CodeIgniter->handleRequest(null, Object(Config\Cache), false)
 9 FCPATH\index.php(67): CodeIgniter\CodeIgniter->run()
10 SYSTEMPATH\Commands\Server\rewrite.php(46): require_once('FCPATH\\index.php')
ERROR - 2022-11-15 06:25:19 --> mysqli_sql_exception: Unknown column 'email' in 'where clause' in C:\xampp\htdocs\sp-kamera\system\Database\MySQLi\Connection.php:292
Stack trace:
#0 C:\xampp\htdocs\sp-kamera\system\Database\MySQLi\Connection.php(292): mysqli->query('SELECT 1\nFROM `...', 0)
#1 C:\xampp\htdocs\sp-kamera\system\Database\BaseConnection.php(666): CodeIgniter\Database\MySQLi\Connection->execute('SELECT 1\nFROM `...')
#2 C:\xampp\htdocs\sp-kamera\system\Database\BaseConnection.php(593): CodeIgniter\Database\BaseConnection->simpleQuery('SELECT 1\nFROM `...')
#3 C:\xampp\htdocs\sp-kamera\system\Database\BaseBuilder.php(1585): CodeIgniter\Database\BaseConnection->query('SELECT 1\nFROM `...', Array, false)
#4 C:\xampp\htdocs\sp-kamera\system\Validation\Rules.php(142): CodeIgniter\Database\BaseBuilder->get()
#5 C:\xampp\htdocs\sp-kamera\system\Validation\Validation.php(315): CodeIgniter\Validation\Rules->is_unique('admin@gmail.com', 'email', Array, NULL, 'email')
#6 C:\xampp\htdocs\sp-kamera\system\Validation\Validation.php(175): CodeIgniter\Validation\Validation->processRules('email', 'email', 'admin@gmail.com', Array, Array)
#7 C:\xampp\htdocs\sp-kamera\system\Controller.php(140): CodeIgniter\Validation\Validation->run()
#8 C:\xampp\htdocs\sp-kamera\app\Controllers\Auth.php(55): CodeIgniter\Controller->validate(Array)
#9 C:\xampp\htdocs\sp-kamera\system\CodeIgniter.php(927): App\Controllers\Auth->proses()
#10 C:\xampp\htdocs\sp-kamera\system\CodeIgniter.php(482): CodeIgniter\CodeIgniter->runController(Object(App\Controllers\Auth))
#11 C:\xampp\htdocs\sp-kamera\system\CodeIgniter.php(351): CodeIgniter\CodeIgniter->handleRequest(NULL, Object(Config\Cache), false)
#12 C:\xampp\htdocs\sp-kamera\public\index.php(67): CodeIgniter\CodeIgniter->run()
#13 C:\xampp\htdocs\sp-kamera\system\Commands\Server\rewrite.php(46): require_once('C:\\xampp\\htdocs...')
#14 {main}
CRITICAL - 2022-11-15 06:25:19 --> Unknown column 'email' in 'where clause'
in SYSTEMPATH\Database\MySQLi\Connection.php on line 292.
 1 SYSTEMPATH\Database\MySQLi\Connection.php(292): mysqli->query('SELECT 1
FROM `tb_user`
WHERE `email` = \'admin@gmail.com\'
 LIMIT 1', 0)
 2 SYSTEMPATH\Database\BaseConnection.php(666): CodeIgniter\Database\MySQLi\Connection->execute('SELECT 1
FROM `tb_user`
WHERE `email` = \'admin@gmail.com\'
 LIMIT 1')
 3 SYSTEMPATH\Database\BaseConnection.php(593): CodeIgniter\Database\BaseConnection->simpleQuery('SELECT 1
FROM `tb_user`
WHERE `email` = \'admin@gmail.com\'
 LIMIT 1')
 4 SYSTEMPATH\Database\BaseBuilder.php(1585): CodeIgniter\Database\BaseConnection->query('SELECT 1
FROM `tb_user`
WHERE `email` = :email:
 LIMIT 1', [...], false)
 5 SYSTEMPATH\Validation\Rules.php(142): CodeIgniter\Database\BaseBuilder->get()
 6 SYSTEMPATH\Validation\Validation.php(315): CodeIgniter\Validation\Rules->is_unique('admin@gmail.com', 'email', [...], null, 'email')
 7 SYSTEMPATH\Validation\Validation.php(175): CodeIgniter\Validation\Validation->processRules('email', 'email', 'admin@gmail.com', [...], [...])
 8 SYSTEMPATH\Controller.php(140): CodeIgniter\Validation\Validation->run()
 9 APPPATH\Controllers\Auth.php(55): CodeIgniter\Controller->validate([...])
10 SYSTEMPATH\CodeIgniter.php(927): App\Controllers\Auth->proses()
11 SYSTEMPATH\CodeIgniter.php(482): CodeIgniter\CodeIgniter->runController(Object(App\Controllers\Auth))
12 SYSTEMPATH\CodeIgniter.php(351): CodeIgniter\CodeIgniter->handleRequest(null, Object(Config\Cache), false)
13 FCPATH\index.php(67): CodeIgniter\CodeIgniter->run()
14 SYSTEMPATH\Commands\Server\rewrite.php(46): require_once('FCPATH\\index.php')
ERROR - 2022-11-15 06:34:14 --> mysqli_sql_exception: Column 'username' cannot be null in C:\xampp\htdocs\sp-kamera\system\Database\MySQLi\Connection.php:292
Stack trace:
#0 C:\xampp\htdocs\sp-kamera\system\Database\MySQLi\Connection.php(292): mysqli->query('INSERT INTO `tb...', 0)
#1 C:\xampp\htdocs\sp-kamera\system\Database\BaseConnection.php(666): CodeIgniter\Database\MySQLi\Connection->execute('INSERT INTO `tb...')
#2 C:\xampp\htdocs\sp-kamera\system\Database\BaseConnection.php(593): CodeIgniter\Database\BaseConnection->simpleQuery('INSERT INTO `tb...')
#3 C:\xampp\htdocs\sp-kamera\system\Database\BaseBuilder.php(1916): CodeIgniter\Database\BaseConnection->query('INSERT INTO `tb...', Array, false)
#4 C:\xampp\htdocs\sp-kamera\system\Model.php(279): CodeIgniter\Database\BaseBuilder->insert()
#5 C:\xampp\htdocs\sp-kamera\system\BaseModel.php(749): CodeIgniter\Model->doInsert(Array)
#6 C:\xampp\htdocs\sp-kamera\system\Model.php(667): CodeIgniter\BaseModel->insert(Array, false)
#7 C:\xampp\htdocs\sp-kamera\system\BaseModel.php(659): CodeIgniter\Model->insert(Array, false)
#8 C:\xampp\htdocs\sp-kamera\app\Controllers\Auth.php(92): CodeIgniter\BaseModel->save(Array)
#9 C:\xampp\htdocs\sp-kamera\system\CodeIgniter.php(927): App\Controllers\Auth->proses()
#10 C:\xampp\htdocs\sp-kamera\system\CodeIgniter.php(482): CodeIgniter\CodeIgniter->runController(Object(App\Controllers\Auth))
#11 C:\xampp\htdocs\sp-kamera\system\CodeIgniter.php(351): CodeIgniter\CodeIgniter->handleRequest(NULL, Object(Config\Cache), false)
#12 C:\xampp\htdocs\sp-kamera\public\index.php(67): CodeIgniter\CodeIgniter->run()
#13 C:\xampp\htdocs\sp-kamera\system\Commands\Server\rewrite.php(46): require_once('C:\\xampp\\htdocs...')
#14 {main}
CRITICAL - 2022-11-15 06:34:14 --> Column 'username' cannot be null
in SYSTEMPATH\Database\MySQLi\Connection.php on line 292.
 1 SYSTEMPATH\Database\MySQLi\Connection.php(292): mysqli->query('INSERT INTO `tb_user` (`username`, `email`, `password`, `created_at`, `updated_at`) VALUES (NULL, \'admin@gmail.com\', \'$2y$10$m0o1NfIE99zi6BFbnJDxQuIIonWUWPCGkrNA.y01JEROOweowypG6\', \'2022-11-15 06:34:14\', \'2022-11-15 06:34:14\')', 0)
 2 SYSTEMPATH\Database\BaseConnection.php(666): CodeIgniter\Database\MySQLi\Connection->execute('INSERT INTO `tb_user` (`username`, `email`, `password`, `created_at`, `updated_at`) VALUES (NULL, \'admin@gmail.com\', \'$2y$10$m0o1NfIE99zi6BFbnJDxQuIIonWUWPCGkrNA.y01JEROOweowypG6\', \'2022-11-15 06:34:14\', \'2022-11-15 06:34:14\')')
 3 SYSTEMPATH\Database\BaseConnection.php(593): CodeIgniter\Database\BaseConnection->simpleQuery('INSERT INTO `tb_user` (`username`, `email`, `password`, `created_at`, `updated_at`) VALUES (NULL, \'admin@gmail.com\', \'$2y$10$m0o1NfIE99zi6BFbnJDxQuIIonWUWPCGkrNA.y01JEROOweowypG6\', \'2022-11-15 06:34:14\', \'2022-11-15 06:34:14\')')
 4 SYSTEMPATH\Database\BaseBuilder.php(1916): CodeIgniter\Database\BaseConnection->query('INSERT INTO `tb_user` (`username`, `email`, `password`, `created_at`, `updated_at`) VALUES (:username:, :email:, :password:, :created_at:, :updated_at:)', [...], false)
 5 SYSTEMPATH\Model.php(279): CodeIgniter\Database\BaseBuilder->insert()
 6 SYSTEMPATH\BaseModel.php(749): CodeIgniter\Model->doInsert([...])
 7 SYSTEMPATH\Model.php(667): CodeIgniter\BaseModel->insert([...], false)
 8 SYSTEMPATH\BaseModel.php(659): CodeIgniter\Model->insert([...], false)
 9 APPPATH\Controllers\Auth.php(92): CodeIgniter\BaseModel->save([...])
10 SYSTEMPATH\CodeIgniter.php(927): App\Controllers\Auth->proses()
11 SYSTEMPATH\CodeIgniter.php(482): CodeIgniter\CodeIgniter->runController(Object(App\Controllers\Auth))
12 SYSTEMPATH\CodeIgniter.php(351): CodeIgniter\CodeIgniter->handleRequest(null, Object(Config\Cache), false)
13 FCPATH\index.php(67): CodeIgniter\CodeIgniter->run()
14 SYSTEMPATH\Commands\Server\rewrite.php(46): require_once('FCPATH\\index.php')
ERROR - 2022-11-15 07:59:15 --> mysqli_sql_exception: Table 'sp_kamera.tb_riwayat' doesn't exist in C:\xampp\htdocs\sp-kamera\system\Database\MySQLi\Connection.php:292
Stack trace:
#0 C:\xampp\htdocs\sp-kamera\system\Database\MySQLi\Connection.php(292): mysqli->query('INSERT INTO `tb...', 0)
#1 C:\xampp\htdocs\sp-kamera\system\Database\BaseConnection.php(666): CodeIgniter\Database\MySQLi\Connection->execute('INSERT INTO `tb...')
#2 C:\xampp\htdocs\sp-kamera\system\Database\BaseConnection.php(593): CodeIgniter\Database\BaseConnection->simpleQuery('INSERT INTO `tb...')
#3 C:\xampp\htdocs\sp-kamera\system\Database\BaseBuilder.php(1916): CodeIgniter\Database\BaseConnection->query('INSERT INTO `tb...', Array, false)
#4 C:\xampp\htdocs\sp-kamera\system\Model.php(279): CodeIgniter\Database\BaseBuilder->insert()
#5 C:\xampp\htdocs\sp-kamera\system\BaseModel.php(749): CodeIgniter\Model->doInsert(Array)
#6 C:\xampp\htdocs\sp-kamera\system\Model.php(667): CodeIgniter\BaseModel->insert(Array, false)
#7 C:\xampp\htdocs\sp-kamera\system\BaseModel.php(659): CodeIgniter\Model->insert(Array, false)
#8 C:\xampp\htdocs\sp-kamera\app\Controllers\Riwayat.php(43): CodeIgniter\BaseModel->save(Array)
#9 C:\xampp\htdocs\sp-kamera\system\CodeIgniter.php(927): App\Controllers\Riwayat->simpan()
#10 C:\xampp\htdocs\sp-kamera\system\CodeIgniter.php(482): CodeIgniter\CodeIgniter->runController(Object(App\Controllers\Riwayat))
#11 C:\xampp\htdocs\sp-kamera\system\CodeIgniter.php(351): CodeIgniter\CodeIgniter->handleRequest(NULL, Object(Config\Cache), false)
#12 C:\xampp\htdocs\sp-kamera\public\index.php(67): CodeIgniter\CodeIgniter->run()
#13 C:\xampp\htdocs\sp-kamera\system\Commands\Server\rewrite.php(46): require_once('C:\\xampp\\htdocs...')
#14 {main}
CRITICAL - 2022-11-15 07:59:15 --> Table 'sp_kamera.tb_riwayat' doesn't exist
in SYSTEMPATH\Database\MySQLi\Connection.php on line 292.
 1 SYSTEMPATH\Database\MySQLi\Connection.php(292): mysqli->query('INSERT INTO `tb_riwayat` (`id_user`, `jawaban`, `created_at`, `updated_at`) VALUES (\'1\', \'[\\"G01\\"]\', \'2022-11-15 07:59:15\', \'2022-11-15 07:59:15\')', 0)
 2 SYSTEMPATH\Database\BaseConnection.php(666): CodeIgniter\Database\MySQLi\Connection->execute('INSERT INTO `tb_riwayat` (`id_user`, `jawaban`, `created_at`, `updated_at`) VALUES (\'1\', \'[\\"G01\\"]\', \'2022-11-15 07:59:15\', \'2022-11-15 07:59:15\')')
 3 SYSTEMPATH\Database\BaseConnection.php(593): CodeIgniter\Database\BaseConnection->simpleQuery('INSERT INTO `tb_riwayat` (`id_user`, `jawaban`, `created_at`, `updated_at`) VALUES (\'1\', \'[\\"G01\\"]\', \'2022-11-15 07:59:15\', \'2022-11-15 07:59:15\')')
 4 SYSTEMPATH\Database\BaseBuilder.php(1916): CodeIgniter\Database\BaseConnection->query('INSERT INTO `tb_riwayat` (`id_user`, `jawaban`, `created_at`, `updated_at`) VALUES (:id_user:, :jawaban:, :created_at:, :updated_at:)', [...], false)
 5 SYSTEMPATH\Model.php(279): CodeIgniter\Database\BaseBuilder->insert()
 6 SYSTEMPATH\BaseModel.php(749): CodeIgniter\Model->doInsert([...])
 7 SYSTEMPATH\Model.php(667): CodeIgniter\BaseModel->insert([...], false)
 8 SYSTEMPATH\BaseModel.php(659): CodeIgniter\Model->insert([...], false)
 9 APPPATH\Controllers\Riwayat.php(43): CodeIgniter\BaseModel->save([...])
10 SYSTEMPATH\CodeIgniter.php(927): App\Controllers\Riwayat->simpan()
11 SYSTEMPATH\CodeIgniter.php(482): CodeIgniter\CodeIgniter->runController(Object(App\Controllers\Riwayat))
12 SYSTEMPATH\CodeIgniter.php(351): CodeIgniter\CodeIgniter->handleRequest(null, Object(Config\Cache), false)
13 FCPATH\index.php(67): CodeIgniter\CodeIgniter->run()
14 SYSTEMPATH\Commands\Server\rewrite.php(46): require_once('FCPATH\\index.php')
CRITICAL - 2022-11-15 08:03:08 --> Trying to access array offset on value of type null
in APPPATH\Controllers\Riwayat.php on line 59.
 1 APPPATH\Controllers\Riwayat.php(59): CodeIgniter\Debug\Exceptions->errorHandler(8, 'Trying to access array offset on value of type null', 'APPPATH\\Controllers\\Riwayat.php', 59, [...])
 2 SYSTEMPATH\CodeIgniter.php(927): App\Controllers\Riwayat->diagnosa('1')
 3 SYSTEMPATH\CodeIgniter.php(482): CodeIgniter\CodeIgniter->runController(Object(App\Controllers\Riwayat))
 4 SYSTEMPATH\CodeIgniter.php(351): CodeIgniter\CodeIgniter->handleRequest(null, Object(Config\Cache), false)
 5 FCPATH\index.php(67): CodeIgniter\CodeIgniter->run()
 6 SYSTEMPATH\Commands\Server\rewrite.php(46): require_once('FCPATH\\index.php')
CRITICAL - 2022-11-15 08:03:18 --> Trying to access array offset on value of type null
in APPPATH\Controllers\Riwayat.php on line 59.
 1 APPPATH\Controllers\Riwayat.php(59): CodeIgniter\Debug\Exceptions->errorHandler(8, 'Trying to access array offset on value of type null', 'APPPATH\\Controllers\\Riwayat.php', 59, [...])
 2 SYSTEMPATH\CodeIgniter.php(927): App\Controllers\Riwayat->diagnosa('1')
 3 SYSTEMPATH\CodeIgniter.php(482): CodeIgniter\CodeIgniter->runController(Object(App\Controllers\Riwayat))
 4 SYSTEMPATH\CodeIgniter.php(351): CodeIgniter\CodeIgniter->handleRequest(null, Object(Config\Cache), false)
 5 FCPATH\index.php(67): CodeIgniter\CodeIgniter->run()
 6 SYSTEMPATH\Commands\Server\rewrite.php(46): require_once('FCPATH\\index.php')
CRITICAL - 2022-11-15 08:18:34 --> Trying to access array offset on value of type null
in APPPATH\Controllers\Riwayat.php on line 59.
 1 APPPATH\Controllers\Riwayat.php(59): CodeIgniter\Debug\Exceptions->errorHandler(8, 'Trying to access array offset on value of type null', 'APPPATH\\Controllers\\Riwayat.php', 59, [...])
 2 SYSTEMPATH\CodeIgniter.php(927): App\Controllers\Riwayat->diagnosa('1')
 3 SYSTEMPATH\CodeIgniter.php(482): CodeIgniter\CodeIgniter->runController(Object(App\Controllers\Riwayat))
 4 SYSTEMPATH\CodeIgniter.php(351): CodeIgniter\CodeIgniter->handleRequest(null, Object(Config\Cache), false)
 5 FCPATH\index.php(67): CodeIgniter\CodeIgniter->run()
 6 SYSTEMPATH\Commands\Server\rewrite.php(46): require_once('FCPATH\\index.php')
CRITICAL - 2022-11-15 08:20:26 --> Cannot use object of type App\Models\AturanModel as array
in APPPATH\Controllers\Riwayat.php on line 59.
 1 SYSTEMPATH\CodeIgniter.php(927): App\Controllers\Riwayat->diagnosa('1')
 2 SYSTEMPATH\CodeIgniter.php(482): CodeIgniter\CodeIgniter->runController(Object(App\Controllers\Riwayat))
 3 SYSTEMPATH\CodeIgniter.php(351): CodeIgniter\CodeIgniter->handleRequest(null, Object(Config\Cache), false)
 4 FCPATH\index.php(67): CodeIgniter\CodeIgniter->run()
 5 SYSTEMPATH\Commands\Server\rewrite.php(46): require_once('FCPATH\\index.php')
CRITICAL - 2022-11-15 08:21:22 --> Trying to access array offset on value of type null
in APPPATH\Controllers\Riwayat.php on line 59.
 1 APPPATH\Controllers\Riwayat.php(59): CodeIgniter\Debug\Exceptions->errorHandler(8, 'Trying to access array offset on value of type null', 'APPPATH\\Controllers\\Riwayat.php', 59, [...])
 2 SYSTEMPATH\CodeIgniter.php(927): App\Controllers\Riwayat->diagnosa('1')
 3 SYSTEMPATH\CodeIgniter.php(482): CodeIgniter\CodeIgniter->runController(Object(App\Controllers\Riwayat))
 4 SYSTEMPATH\CodeIgniter.php(351): CodeIgniter\CodeIgniter->handleRequest(null, Object(Config\Cache), false)
 5 FCPATH\index.php(67): CodeIgniter\CodeIgniter->run()
 6 SYSTEMPATH\Commands\Server\rewrite.php(46): require_once('FCPATH\\index.php')
CRITICAL - 2022-11-15 08:21:47 --> Cannot use object of type App\Models\AturanModel as array
in APPPATH\Controllers\Riwayat.php on line 59.
 1 SYSTEMPATH\CodeIgniter.php(927): App\Controllers\Riwayat->diagnosa('1')
 2 SYSTEMPATH\CodeIgniter.php(482): CodeIgniter\CodeIgniter->runController(Object(App\Controllers\Riwayat))
 3 SYSTEMPATH\CodeIgniter.php(351): CodeIgniter\CodeIgniter->handleRequest(null, Object(Config\Cache), false)
 4 FCPATH\index.php(67): CodeIgniter\CodeIgniter->run()
 5 SYSTEMPATH\Commands\Server\rewrite.php(46): require_once('FCPATH\\index.php')
CRITICAL - 2022-11-15 08:27:22 --> Trying to access array offset on value of type null
in APPPATH\Controllers\Riwayat.php on line 59.
 1 APPPATH\Controllers\Riwayat.php(59): CodeIgniter\Debug\Exceptions->errorHandler(8, 'Trying to access array offset on value of type null', 'APPPATH\\Controllers\\Riwayat.php', 59, [...])
 2 SYSTEMPATH\CodeIgniter.php(927): App\Controllers\Riwayat->diagnosa('1')
 3 SYSTEMPATH\CodeIgniter.php(482): CodeIgniter\CodeIgniter->runController(Object(App\Controllers\Riwayat))
 4 SYSTEMPATH\CodeIgniter.php(351): CodeIgniter\CodeIgniter->handleRequest(null, Object(Config\Cache), false)
 5 FCPATH\index.php(67): CodeIgniter\CodeIgniter->run()
 6 SYSTEMPATH\Commands\Server\rewrite.php(46): require_once('FCPATH\\index.php')
CRITICAL - 2022-11-15 08:27:47 --> Trying to access array offset on value of type null
in APPPATH\Controllers\Riwayat.php on line 59.
 1 APPPATH\Controllers\Riwayat.php(59): CodeIgniter\Debug\Exceptions->errorHandler(8, 'Trying to access array offset on value of type null', 'APPPATH\\Controllers\\Riwayat.php', 59, [...])
 2 SYSTEMPATH\CodeIgniter.php(927): App\Controllers\Riwayat->diagnosa('1')
 3 SYSTEMPATH\CodeIgniter.php(482): CodeIgniter\CodeIgniter->runController(Object(App\Controllers\Riwayat))
 4 SYSTEMPATH\CodeIgniter.php(351): CodeIgniter\CodeIgniter->handleRequest(null, Object(Config\Cache), false)
 5 FCPATH\index.php(67): CodeIgniter\CodeIgniter->run()
 6 SYSTEMPATH\Commands\Server\rewrite.php(46): require_once('FCPATH\\index.php')
CRITICAL - 2022-11-15 08:39:01 --> Trying to access array offset on value of type null
in APPPATH\Controllers\Riwayat.php on line 59.
 1 APPPATH\Controllers\Riwayat.php(59): CodeIgniter\Debug\Exceptions->errorHandler(8, 'Trying to access array offset on value of type null', 'APPPATH\\Controllers\\Riwayat.php', 59, [...])
 2 SYSTEMPATH\CodeIgniter.php(927): App\Controllers\Riwayat->diagnosa('1')
 3 SYSTEMPATH\CodeIgniter.php(482): CodeIgniter\CodeIgniter->runController(Object(App\Controllers\Riwayat))
 4 SYSTEMPATH\CodeIgniter.php(351): CodeIgniter\CodeIgniter->handleRequest(null, Object(Config\Cache), false)
 5 FCPATH\index.php(67): CodeIgniter\CodeIgniter->run()
 6 SYSTEMPATH\Commands\Server\rewrite.php(46): require_once('FCPATH\\index.php')
CRITICAL - 2022-11-15 08:39:23 --> Trying to access array offset on value of type null
in APPPATH\Controllers\Riwayat.php on line 59.
 1 APPPATH\Controllers\Riwayat.php(59): CodeIgniter\Debug\Exceptions->errorHandler(8, 'Trying to access array offset on value of type null', 'APPPATH\\Controllers\\Riwayat.php', 59, [...])
 2 SYSTEMPATH\CodeIgniter.php(927): App\Controllers\Riwayat->diagnosa('1')
 3 SYSTEMPATH\CodeIgniter.php(482): CodeIgniter\CodeIgniter->runController(Object(App\Controllers\Riwayat))
 4 SYSTEMPATH\CodeIgniter.php(351): CodeIgniter\CodeIgniter->handleRequest(null, Object(Config\Cache), false)
 5 FCPATH\index.php(67): CodeIgniter\CodeIgniter->run()
 6 SYSTEMPATH\Commands\Server\rewrite.php(46): require_once('FCPATH\\index.php')
CRITICAL - 2022-11-15 08:39:27 --> Trying to access array offset on value of type null
in APPPATH\Controllers\Riwayat.php on line 59.
 1 APPPATH\Controllers\Riwayat.php(59): CodeIgniter\Debug\Exceptions->errorHandler(8, 'Trying to access array offset on value of type null', 'APPPATH\\Controllers\\Riwayat.php', 59, [...])
 2 SYSTEMPATH\CodeIgniter.php(927): App\Controllers\Riwayat->diagnosa('1')
 3 SYSTEMPATH\CodeIgniter.php(482): CodeIgniter\CodeIgniter->runController(Object(App\Controllers\Riwayat))
 4 SYSTEMPATH\CodeIgniter.php(351): CodeIgniter\CodeIgniter->handleRequest(null, Object(Config\Cache), false)
 5 FCPATH\index.php(67): CodeIgniter\CodeIgniter->run()
 6 SYSTEMPATH\Commands\Server\rewrite.php(46): require_once('FCPATH\\index.php')
CRITICAL - 2022-11-15 08:39:44 --> Trying to access array offset on value of type null
in APPPATH\Controllers\Riwayat.php on line 59.
 1 APPPATH\Controllers\Riwayat.php(59): CodeIgniter\Debug\Exceptions->errorHandler(8, 'Trying to access array offset on value of type null', 'APPPATH\\Controllers\\Riwayat.php', 59, [...])
 2 SYSTEMPATH\CodeIgniter.php(927): App\Controllers\Riwayat->diagnosa('1')
 3 SYSTEMPATH\CodeIgniter.php(482): CodeIgniter\CodeIgniter->runController(Object(App\Controllers\Riwayat))
 4 SYSTEMPATH\CodeIgniter.php(351): CodeIgniter\CodeIgniter->handleRequest(null, Object(Config\Cache), false)
 5 FCPATH\index.php(67): CodeIgniter\CodeIgniter->run()
 6 SYSTEMPATH\Commands\Server\rewrite.php(46): require_once('FCPATH\\index.php')
CRITICAL - 2022-11-15 08:39:47 --> Trying to access array offset on value of type null
in APPPATH\Controllers\Riwayat.php on line 59.
 1 APPPATH\Controllers\Riwayat.php(59): CodeIgniter\Debug\Exceptions->errorHandler(8, 'Trying to access array offset on value of type null', 'APPPATH\\Controllers\\Riwayat.php', 59, [...])
 2 SYSTEMPATH\CodeIgniter.php(927): App\Controllers\Riwayat->diagnosa('1')
 3 SYSTEMPATH\CodeIgniter.php(482): CodeIgniter\CodeIgniter->runController(Object(App\Controllers\Riwayat))
 4 SYSTEMPATH\CodeIgniter.php(351): CodeIgniter\CodeIgniter->handleRequest(null, Object(Config\Cache), false)
 5 FCPATH\index.php(67): CodeIgniter\CodeIgniter->run()
 6 SYSTEMPATH\Commands\Server\rewrite.php(46): require_once('FCPATH\\index.php')
CRITICAL - 2022-11-15 08:40:04 --> Trying to access array offset on value of type null
in APPPATH\Controllers\Riwayat.php on line 59.
 1 APPPATH\Controllers\Riwayat.php(59): CodeIgniter\Debug\Exceptions->errorHandler(8, 'Trying to access array offset on value of type null', 'APPPATH\\Controllers\\Riwayat.php', 59, [...])
 2 SYSTEMPATH\CodeIgniter.php(927): App\Controllers\Riwayat->diagnosa('1')
 3 SYSTEMPATH\CodeIgniter.php(482): CodeIgniter\CodeIgniter->runController(Object(App\Controllers\Riwayat))
 4 SYSTEMPATH\CodeIgniter.php(351): CodeIgniter\CodeIgniter->handleRequest(null, Object(Config\Cache), false)
 5 FCPATH\index.php(67): CodeIgniter\CodeIgniter->run()
 6 SYSTEMPATH\Commands\Server\rewrite.php(46): require_once('FCPATH\\index.php')
CRITICAL - 2022-11-15 08:42:05 --> Trying to access array offset on value of type null
in APPPATH\Controllers\Riwayat.php on line 62.
 1 APPPATH\Controllers\Riwayat.php(62): CodeIgniter\Debug\Exceptions->errorHandler(8, 'Trying to access array offset on value of type null', 'APPPATH\\Controllers\\Riwayat.php', 62, [...])
 2 SYSTEMPATH\CodeIgniter.php(927): App\Controllers\Riwayat->diagnosa('1')
 3 SYSTEMPATH\CodeIgniter.php(482): CodeIgniter\CodeIgniter->runController(Object(App\Controllers\Riwayat))
 4 SYSTEMPATH\CodeIgniter.php(351): CodeIgniter\CodeIgniter->handleRequest(null, Object(Config\Cache), false)
 5 FCPATH\index.php(67): CodeIgniter\CodeIgniter->run()
 6 SYSTEMPATH\Commands\Server\rewrite.php(46): require_once('FCPATH\\index.php')
