CRITICAL - 2023-05-20 03:04:50 --> Undefined index: penjelasan
in APPPATH\Views\admin\tambah-admin.php on line 88.
 1 APPPATH\Views\admin\tambah-admin.php(88): CodeIgniter\Debug\Exceptions->errorHandler(8, 'Undefined index: penjelasan', 'APPPATH\\Views\\admin\\tambah-admin.php', 88, [...])
 2 SYSTEMPATH\View\View.php(213): include('APPPATH\\Views\\admin\\tambah-admin.php')
 3 SYSTEMPATH\View\View.php(216): CodeIgniter\View\View->CodeIgniter\View\{closure}()
 4 SYSTEMPATH\Common.php(1134): CodeIgniter\View\View->render('admin/tambah-admin', [], true)
 5 APPPATH\Controllers\Admin\Auth.php(61): view('admin/tambah-admin', [...])
 6 SYSTEMPATH\CodeIgniter.php(927): App\Controllers\Admin\Auth->tambahadmin()
 7 SYSTEMPATH\CodeIgniter.php(482): CodeIgniter\CodeIgniter->runController(Object(App\Controllers\Admin\Auth))
 8 SYSTEMPATH\CodeIgniter.php(351): CodeIgniter\CodeIgniter->handleRequest(null, Object(Config\Cache), false)
 9 FCPATH\index.php(67): CodeIgniter\CodeIgniter->run()
CRITICAL - 2023-05-20 03:24:04 --> syntax error, unexpected '}'
in APPPATH\Controllers\Admin\Auth.php on line 141.
 1 SYSTEMPATH\Autoloader\Autoloader.php(259): CodeIgniter\Autoloader\Autoloader->includeFile('APPPATH\\Controllers\\Admin\\Auth.php')
 2 SYSTEMPATH\Autoloader\Autoloader.php(237): CodeIgniter\Autoloader\Autoloader->loadInNamespace('App\\Controllers\\Admin\\Auth')
 3 [internal function]: CodeIgniter\Autoloader\Autoloader->loadClass('App\\Controllers\\Admin\\Auth')
 4 [internal function]: spl_autoload_call('App\\Controllers\\Admin\\Auth')
 5 SYSTEMPATH\CodeIgniter.php(877): class_exists('\\App\\Controllers\\Admin\\Auth', true)
 6 SYSTEMPATH\CodeIgniter.php(469): CodeIgniter\CodeIgniter->startController()
 7 SYSTEMPATH\CodeIgniter.php(351): CodeIgniter\CodeIgniter->handleRequest(null, Object(Config\Cache), false)
 8 FCPATH\index.php(67): CodeIgniter\CodeIgniter->run()
ERROR - 2023-05-20 03:40:03 --> mysqli_sql_exception: Unknown column 'username' in 'where clause' in C:\xampp\htdocs\ppdb\aplikasi\system\Database\MySQLi\Connection.php:292
Stack trace:
#0 C:\xampp\htdocs\ppdb\aplikasi\system\Database\MySQLi\Connection.php(292): mysqli->query('SELECT *\nFROM `...', 0)
#1 C:\xampp\htdocs\ppdb\aplikasi\system\Database\BaseConnection.php(666): CodeIgniter\Database\MySQLi\Connection->execute('SELECT *\nFROM `...')
#2 C:\xampp\htdocs\ppdb\aplikasi\system\Database\BaseConnection.php(593): CodeIgniter\Database\BaseConnection->simpleQuery('SELECT *\nFROM `...')
#3 C:\xampp\htdocs\ppdb\aplikasi\system\Database\BaseBuilder.php(1585): CodeIgniter\Database\BaseConnection->query('SELECT *\nFROM `...', Array, false)
#4 C:\xampp\htdocs\ppdb\aplikasi\system\Model.php(250): CodeIgniter\Database\BaseBuilder->get()
#5 C:\xampp\htdocs\ppdb\aplikasi\system\BaseModel.php(623): CodeIgniter\Model->doFirst()
#6 C:\xampp\htdocs\ppdb\aplikasi\app\Controllers\Admin\Auth.php(27): CodeIgniter\BaseModel->first()
#7 C:\xampp\htdocs\ppdb\aplikasi\system\CodeIgniter.php(927): App\Controllers\Admin\Auth->login()
#8 C:\xampp\htdocs\ppdb\aplikasi\system\CodeIgniter.php(482): CodeIgniter\CodeIgniter->runController(Object(App\Controllers\Admin\Auth))
#9 C:\xampp\htdocs\ppdb\aplikasi\system\CodeIgniter.php(351): CodeIgniter\CodeIgniter->handleRequest(NULL, Object(Config\Cache), false)
#10 C:\xampp\htdocs\ppdb\index.php(67): CodeIgniter\CodeIgniter->run()
#11 {main}
CRITICAL - 2023-05-20 03:40:03 --> Unknown column 'username' in 'where clause'
in SYSTEMPATH\Database\MySQLi\Connection.php on line 292.
 1 SYSTEMPATH\Database\MySQLi\Connection.php(292): mysqli->query('SELECT *
FROM `tb_admin`
WHERE `username` = \'admin2@gmail.com\'
 LIMIT 1', 0)
 2 SYSTEMPATH\Database\BaseConnection.php(666): CodeIgniter\Database\MySQLi\Connection->execute('SELECT *
FROM `tb_admin`
WHERE `username` = \'admin2@gmail.com\'
 LIMIT 1')
 3 SYSTEMPATH\Database\BaseConnection.php(593): CodeIgniter\Database\BaseConnection->simpleQuery('SELECT *
FROM `tb_admin`
WHERE `username` = \'admin2@gmail.com\'
 LIMIT 1')
 4 SYSTEMPATH\Database\BaseBuilder.php(1585): CodeIgniter\Database\BaseConnection->query('SELECT *
FROM `tb_admin`
WHERE `username` = :username:
 LIMIT 1', [...], false)
 5 SYSTEMPATH\Model.php(250): CodeIgniter\Database\BaseBuilder->get()
 6 SYSTEMPATH\BaseModel.php(623): CodeIgniter\Model->doFirst()
 7 APPPATH\Controllers\Admin\Auth.php(27): CodeIgniter\BaseModel->first()
 8 SYSTEMPATH\CodeIgniter.php(927): App\Controllers\Admin\Auth->login()
 9 SYSTEMPATH\CodeIgniter.php(482): CodeIgniter\CodeIgniter->runController(Object(App\Controllers\Admin\Auth))
10 SYSTEMPATH\CodeIgniter.php(351): CodeIgniter\CodeIgniter->handleRequest(null, Object(Config\Cache), false)
11 FCPATH\index.php(67): CodeIgniter\CodeIgniter->run()
CRITICAL - 2023-05-20 03:40:50 --> Undefined index: username
in APPPATH\Controllers\Admin\Auth.php on line 33.
 1 APPPATH\Controllers\Admin\Auth.php(33): CodeIgniter\Debug\Exceptions->errorHandler(8, 'Undefined index: username', 'APPPATH\\Controllers\\Admin\\Auth.php', 33, [...])
 2 SYSTEMPATH\CodeIgniter.php(927): App\Controllers\Admin\Auth->login()
 3 SYSTEMPATH\CodeIgniter.php(482): CodeIgniter\CodeIgniter->runController(Object(App\Controllers\Admin\Auth))
 4 SYSTEMPATH\CodeIgniter.php(351): CodeIgniter\CodeIgniter->handleRequest(null, Object(Config\Cache), false)
 5 FCPATH\index.php(67): CodeIgniter\CodeIgniter->run()
