CRITICAL - 2022-11-16 01:03:27 --> implode(): Invalid arguments passed
in APPPATH\Controllers\Riwayat.php on line 59.
 1 [internal function]: CodeIgniter\Debug\Exceptions->errorHandler(2, 'implode(): Invalid arguments passed', 'APPPATH\\Controllers\\Riwayat.php', 59, [...])
 2 APPPATH\Controllers\Riwayat.php(59): implode(' ', null)
 3 SYSTEMPATH\CodeIgniter.php(927): App\Controllers\Riwayat->diagnosa('1')
 4 SYSTEMPATH\CodeIgniter.php(482): CodeIgniter\CodeIgniter->runController(Object(App\Controllers\Riwayat))
 5 SYSTEMPATH\CodeIgniter.php(351): CodeIgniter\CodeIgniter->handleRequest(null, Object(Config\Cache), false)
 6 FCPATH\index.php(67): CodeIgniter\CodeIgniter->run()
 7 SYSTEMPATH\Commands\Server\rewrite.php(46): require_once('FCPATH\\index.php')
CRITICAL - 2022-11-16 01:04:23 --> Trying to access array offset on value of type null
in APPPATH\Controllers\Riwayat.php on line 61.
 1 APPPATH\Controllers\Riwayat.php(61): CodeIgniter\Debug\Exceptions->errorHandler(8, 'Trying to access array offset on value of type null', 'APPPATH\\Controllers\\Riwayat.php', 61, [...])
 2 SYSTEMPATH\CodeIgniter.php(927): App\Controllers\Riwayat->diagnosa('1')
 3 SYSTEMPATH\CodeIgniter.php(482): CodeIgniter\CodeIgniter->runController(Object(App\Controllers\Riwayat))
 4 SYSTEMPATH\CodeIgniter.php(351): CodeIgniter\CodeIgniter->handleRequest(null, Object(Config\Cache), false)
 5 FCPATH\index.php(67): CodeIgniter\CodeIgniter->run()
 6 SYSTEMPATH\Commands\Server\rewrite.php(46): require_once('FCPATH\\index.php')
CRITICAL - 2022-11-16 01:05:57 --> Trying to access array offset on value of type null
in APPPATH\Controllers\Riwayat.php on line 61.
 1 APPPATH\Controllers\Riwayat.php(61): CodeIgniter\Debug\Exceptions->errorHandler(8, 'Trying to access array offset on value of type null', 'APPPATH\\Controllers\\Riwayat.php', 61, [...])
 2 SYSTEMPATH\CodeIgniter.php(927): App\Controllers\Riwayat->diagnosa('1')
 3 SYSTEMPATH\CodeIgniter.php(482): CodeIgniter\CodeIgniter->runController(Object(App\Controllers\Riwayat))
 4 SYSTEMPATH\CodeIgniter.php(351): CodeIgniter\CodeIgniter->handleRequest(null, Object(Config\Cache), false)
 5 FCPATH\index.php(67): CodeIgniter\CodeIgniter->run()
 6 SYSTEMPATH\Commands\Server\rewrite.php(46): require_once('FCPATH\\index.php')
CRITICAL - 2022-11-16 01:06:30 --> Trying to access array offset on value of type null
in APPPATH\Controllers\Riwayat.php on line 61.
 1 APPPATH\Controllers\Riwayat.php(61): CodeIgniter\Debug\Exceptions->errorHandler(8, 'Trying to access array offset on value of type null', 'APPPATH\\Controllers\\Riwayat.php', 61, [...])
 2 SYSTEMPATH\CodeIgniter.php(927): App\Controllers\Riwayat->diagnosa('1')
 3 SYSTEMPATH\CodeIgniter.php(482): CodeIgniter\CodeIgniter->runController(Object(App\Controllers\Riwayat))
 4 SYSTEMPATH\CodeIgniter.php(351): CodeIgniter\CodeIgniter->handleRequest(null, Object(Config\Cache), false)
 5 FCPATH\index.php(67): CodeIgniter\CodeIgniter->run()
 6 SYSTEMPATH\Commands\Server\rewrite.php(46): require_once('FCPATH\\index.php')
CRITICAL - 2022-11-16 01:12:49 --> fwrite(): write of 76 bytes failed with errno=22 Invalid argument
in SYSTEMPATH\CLI\CLI.php on line 1013.
 1 [internal function]: CodeIgniter\Debug\Exceptions->errorHandler(8, 'fwrite(): write of 76 bytes failed with errno=22 Invalid argument', 'SYSTEMPATH\\CLI\\CLI.php', 1013, [...])
 2 SYSTEMPATH\CLI\CLI.php(1013): fwrite(resource (stream), '[0;32mCodeIgniter development server started on http://localhost:8082[0m
')
 3 SYSTEMPATH\CLI\CLI.php(364): CodeIgniter\CLI\CLI::fwrite(resource (stream), '[0;32mCodeIgniter development server started on http://localhost:8082[0m
')
 4 SYSTEMPATH\Commands\Server\Serve.php(97): CodeIgniter\CLI\CLI::write('[0;32mCodeIgniter development server started on http://localhost:8082[0m', 'green')
 5 SYSTEMPATH\Commands\Server\Serve.php(114): CodeIgniter\Commands\Server\Serve->run([])
 6 SYSTEMPATH\Commands\Server\Serve.php(114): CodeIgniter\Commands\Server\Serve->run([])
 7 SYSTEMPATH\CLI\Commands.php(63): CodeIgniter\Commands\Server\Serve->run([])
 8 SYSTEMPATH\CLI\CommandRunner.php(65): CodeIgniter\CLI\Commands->run('serve', [])
 9 SYSTEMPATH\CLI\CommandRunner.php(51): CodeIgniter\CLI\CommandRunner->index([])
10 SYSTEMPATH\CodeIgniter.php(920): CodeIgniter\CLI\CommandRunner->_remap('index', [...])
11 SYSTEMPATH\CodeIgniter.php(482): CodeIgniter\CodeIgniter->runController(Object(CodeIgniter\CLI\CommandRunner))
12 SYSTEMPATH\CodeIgniter.php(347): CodeIgniter\CodeIgniter->handleRequest(null, Object(Config\Cache), false)
13 SYSTEMPATH\CLI\Console.php(48): CodeIgniter\CodeIgniter->run()
14 ROOTPATH\spark(98): CodeIgniter\CLI\Console->run()
CRITICAL - 2022-11-16 01:12:54 --> Uncaught ErrorException: fwrite(): write of 2 bytes failed with errno=22 Invalid argument in C:\xampp\htdocs\sp-kamera\system\CLI\CLI.php:1013
Stack trace:
#0 [internal function]: CodeIgniter\Debug\Exceptions->errorHandler(8, 'fwrite(): write...', 'C:\\xampp\\htdocs...', 1013, Array)
#1 C:\xampp\htdocs\sp-kamera\system\CLI\CLI.php(1013): fwrite(Resource id #2, '\r\n')
#2 C:\xampp\htdocs\sp-kamera\system\CLI\CLI.php(364): CodeIgniter\CLI\CLI::fwrite(Resource id #2, '\r\n')
#3 C:\xampp\htdocs\sp-kamera\system\CLI\CLI.php(441): CodeIgniter\CLI\CLI::write()
#4 C:\xampp\htdocs\sp-kamera\app\Views\errors\cli\error_exception.php(6): CodeIgniter\CLI\CLI::newLine()
#5 C:\xampp\htdocs\sp-kamera\system\Debug\Exceptions.php(284): include('C:\\xampp\\htdocs...')
#6 C:\xampp\htdocs\sp-kamera\system\Debug\Exceptions.php(287): CodeIgniter\Debug\Exceptions->CodeIgniter\Debug\{closure}()
#7 C:\xampp\htdocs\sp-kamera\system\Debug\Exceptions.php(139): CodeIgniter\Debug\Exceptions->render(Object(ErrorException), 500)
#8 [internal
in SYSTEMPATH\CLI\CLI.php on line 1013.
 1 [internal function]: CodeIgniter\Debug\Exceptions->shutdownHandler()
CRITICAL - 2022-11-16 02:12:05 --> Trying to access array offset on value of type null
in APPPATH\Controllers\Riwayat.php on line 61.
 1 APPPATH\Controllers\Riwayat.php(61): CodeIgniter\Debug\Exceptions->errorHandler(8, 'Trying to access array offset on value of type null', 'APPPATH\\Controllers\\Riwayat.php', 61, [...])
 2 SYSTEMPATH\CodeIgniter.php(927): App\Controllers\Riwayat->diagnosa('1')
 3 SYSTEMPATH\CodeIgniter.php(482): CodeIgniter\CodeIgniter->runController(Object(App\Controllers\Riwayat))
 4 SYSTEMPATH\CodeIgniter.php(351): CodeIgniter\CodeIgniter->handleRequest(null, Object(Config\Cache), false)
 5 FCPATH\index.php(67): CodeIgniter\CodeIgniter->run()
 6 SYSTEMPATH\Commands\Server\rewrite.php(46): require_once('FCPATH\\index.php')
