CRITICAL - 2022-11-19 01:43:13 --> Trying to access array offset on value of type null
in APPPATH\Controllers\Riwayat.php on line 64.
 1 APPPATH\Controllers\Riwayat.php(64): CodeIgniter\Debug\Exceptions->errorHandler(8, 'Trying to access array offset on value of type null', 'APPPATH\\Controllers\\Riwayat.php', 64, [...])
 2 SYSTEMPATH\CodeIgniter.php(927): App\Controllers\Riwayat->diagnosa('1')
 3 SYSTEMPATH\CodeIgniter.php(482): CodeIgniter\CodeIgniter->runController(Object(App\Controllers\Riwayat))
 4 SYSTEMPATH\CodeIgniter.php(351): CodeIgniter\CodeIgniter->handleRequest(null, Object(Config\Cache), false)
 5 FCPATH\index.php(67): CodeIgniter\CodeIgniter->run()
 6 SYSTEMPATH\Commands\Server\rewrite.php(46): require_once('FCPATH\\index.php')
CRITICAL - 2022-11-19 01:43:29 --> Illegal string offset 'jawaban'
in APPPATH\Views\user\diagnosa.php on line 26.
 1 APPPATH\Views\user\diagnosa.php(26): CodeIgniter\Debug\Exceptions->errorHandler(2, 'Illegal string offset \'jawaban\'', 'APPPATH\\Views\\user\\diagnosa.php', 26, [...])
 2 SYSTEMPATH\View\View.php(213): include('APPPATH\\Views\\user\\diagnosa.php')
 3 SYSTEMPATH\View\View.php(216): CodeIgniter\View\View->CodeIgniter\View\{closure}()
 4 SYSTEMPATH\Common.php(1134): CodeIgniter\View\View->render('user/diagnosa', [], true)
 5 APPPATH\Controllers\Riwayat.php(71): view('user/diagnosa', [...])
 6 SYSTEMPATH\CodeIgniter.php(927): App\Controllers\Riwayat->diagnosa('1')
 7 SYSTEMPATH\CodeIgniter.php(482): CodeIgniter\CodeIgniter->runController(Object(App\Controllers\Riwayat))
 8 SYSTEMPATH\CodeIgniter.php(351): CodeIgniter\CodeIgniter->handleRequest(null, Object(Config\Cache), false)
 9 FCPATH\index.php(67): CodeIgniter\CodeIgniter->run()
10 SYSTEMPATH\Commands\Server\rewrite.php(46): require_once('FCPATH\\index.php')
CRITICAL - 2022-11-19 01:44:40 --> Illegal string offset 'jawaban'
in APPPATH\Views\user\diagnosa.php on line 26.
 1 APPPATH\Views\user\diagnosa.php(26): CodeIgniter\Debug\Exceptions->errorHandler(2, 'Illegal string offset \'jawaban\'', 'APPPATH\\Views\\user\\diagnosa.php', 26, [...])
 2 SYSTEMPATH\View\View.php(213): include('APPPATH\\Views\\user\\diagnosa.php')
 3 SYSTEMPATH\View\View.php(216): CodeIgniter\View\View->CodeIgniter\View\{closure}()
 4 SYSTEMPATH\Common.php(1134): CodeIgniter\View\View->render('user/diagnosa', [], true)
 5 APPPATH\Controllers\Riwayat.php(71): view('user/diagnosa', [...])
 6 SYSTEMPATH\CodeIgniter.php(927): App\Controllers\Riwayat->diagnosa('1')
 7 SYSTEMPATH\CodeIgniter.php(482): CodeIgniter\CodeIgniter->runController(Object(App\Controllers\Riwayat))
 8 SYSTEMPATH\CodeIgniter.php(351): CodeIgniter\CodeIgniter->handleRequest(null, Object(Config\Cache), false)
 9 FCPATH\index.php(67): CodeIgniter\CodeIgniter->run()
10 SYSTEMPATH\Commands\Server\rewrite.php(46): require_once('FCPATH\\index.php')
CRITICAL - 2022-11-19 01:45:37 --> Illegal string offset 'jawaban'
in APPPATH\Views\user\diagnosa.php on line 26.
 1 APPPATH\Views\user\diagnosa.php(26): CodeIgniter\Debug\Exceptions->errorHandler(2, 'Illegal string offset \'jawaban\'', 'APPPATH\\Views\\user\\diagnosa.php', 26, [...])
 2 SYSTEMPATH\View\View.php(213): include('APPPATH\\Views\\user\\diagnosa.php')
 3 SYSTEMPATH\View\View.php(216): CodeIgniter\View\View->CodeIgniter\View\{closure}()
 4 SYSTEMPATH\Common.php(1134): CodeIgniter\View\View->render('user/diagnosa', [], true)
 5 APPPATH\Controllers\Riwayat.php(71): view('user/diagnosa', [...])
 6 SYSTEMPATH\CodeIgniter.php(927): App\Controllers\Riwayat->diagnosa('1')
 7 SYSTEMPATH\CodeIgniter.php(482): CodeIgniter\CodeIgniter->runController(Object(App\Controllers\Riwayat))
 8 SYSTEMPATH\CodeIgniter.php(351): CodeIgniter\CodeIgniter->handleRequest(null, Object(Config\Cache), false)
 9 FCPATH\index.php(67): CodeIgniter\CodeIgniter->run()
10 SYSTEMPATH\Commands\Server\rewrite.php(46): require_once('FCPATH\\index.php')
CRITICAL - 2022-11-19 01:46:48 --> Trying to get property 'jawaban' of non-object
in APPPATH\Views\user\diagnosa.php on line 26.
 1 APPPATH\Views\user\diagnosa.php(26): CodeIgniter\Debug\Exceptions->errorHandler(8, 'Trying to get property \'jawaban\' of non-object', 'APPPATH\\Views\\user\\diagnosa.php', 26, [...])
 2 SYSTEMPATH\View\View.php(213): include('APPPATH\\Views\\user\\diagnosa.php')
 3 SYSTEMPATH\View\View.php(216): CodeIgniter\View\View->CodeIgniter\View\{closure}()
 4 SYSTEMPATH\Common.php(1134): CodeIgniter\View\View->render('user/diagnosa', [], true)
 5 APPPATH\Controllers\Riwayat.php(71): view('user/diagnosa', [...])
 6 SYSTEMPATH\CodeIgniter.php(927): App\Controllers\Riwayat->diagnosa('1')
 7 SYSTEMPATH\CodeIgniter.php(482): CodeIgniter\CodeIgniter->runController(Object(App\Controllers\Riwayat))
 8 SYSTEMPATH\CodeIgniter.php(351): CodeIgniter\CodeIgniter->handleRequest(null, Object(Config\Cache), false)
 9 FCPATH\index.php(67): CodeIgniter\CodeIgniter->run()
10 SYSTEMPATH\Commands\Server\rewrite.php(46): require_once('FCPATH\\index.php')
CRITICAL - 2022-11-19 01:47:09 --> Illegal string offset 'jawaban'
in APPPATH\Views\user\diagnosa.php on line 26.
 1 APPPATH\Views\user\diagnosa.php(26): CodeIgniter\Debug\Exceptions->errorHandler(2, 'Illegal string offset \'jawaban\'', 'APPPATH\\Views\\user\\diagnosa.php', 26, [...])
 2 SYSTEMPATH\View\View.php(213): include('APPPATH\\Views\\user\\diagnosa.php')
 3 SYSTEMPATH\View\View.php(216): CodeIgniter\View\View->CodeIgniter\View\{closure}()
 4 SYSTEMPATH\Common.php(1134): CodeIgniter\View\View->render('user/diagnosa', [], true)
 5 APPPATH\Controllers\Riwayat.php(71): view('user/diagnosa', [...])
 6 SYSTEMPATH\CodeIgniter.php(927): App\Controllers\Riwayat->diagnosa('1')
 7 SYSTEMPATH\CodeIgniter.php(482): CodeIgniter\CodeIgniter->runController(Object(App\Controllers\Riwayat))
 8 SYSTEMPATH\CodeIgniter.php(351): CodeIgniter\CodeIgniter->handleRequest(null, Object(Config\Cache), false)
 9 FCPATH\index.php(67): CodeIgniter\CodeIgniter->run()
10 SYSTEMPATH\Commands\Server\rewrite.php(46): require_once('FCPATH\\index.php')
CRITICAL - 2022-11-19 01:49:50 --> Illegal string offset 'id_jawaban'
in APPPATH\Views\user\diagnosa.php on line 27.
 1 APPPATH\Views\user\diagnosa.php(27): CodeIgniter\Debug\Exceptions->errorHandler(2, 'Illegal string offset \'id_jawaban\'', 'APPPATH\\Views\\user\\diagnosa.php', 27, [...])
 2 SYSTEMPATH\View\View.php(213): include('APPPATH\\Views\\user\\diagnosa.php')
 3 SYSTEMPATH\View\View.php(216): CodeIgniter\View\View->CodeIgniter\View\{closure}()
 4 SYSTEMPATH\Common.php(1134): CodeIgniter\View\View->render('user/diagnosa', [], true)
 5 APPPATH\Controllers\Riwayat.php(71): view('user/diagnosa', [...])
 6 SYSTEMPATH\CodeIgniter.php(927): App\Controllers\Riwayat->diagnosa('1')
 7 SYSTEMPATH\CodeIgniter.php(482): CodeIgniter\CodeIgniter->runController(Object(App\Controllers\Riwayat))
 8 SYSTEMPATH\CodeIgniter.php(351): CodeIgniter\CodeIgniter->handleRequest(null, Object(Config\Cache), false)
 9 FCPATH\index.php(67): CodeIgniter\CodeIgniter->run()
10 SYSTEMPATH\Commands\Server\rewrite.php(46): require_once('FCPATH\\index.php')
CRITICAL - 2022-11-19 01:51:12 --> Undefined index: kode_rule
in APPPATH\Views\user\diagnosa.php on line 85.
 1 APPPATH\Views\user\diagnosa.php(85): CodeIgniter\Debug\Exceptions->errorHandler(8, 'Undefined index: kode_rule', 'APPPATH\\Views\\user\\diagnosa.php', 85, [...])
 2 SYSTEMPATH\View\View.php(213): include('APPPATH\\Views\\user\\diagnosa.php')
 3 SYSTEMPATH\View\View.php(216): CodeIgniter\View\View->CodeIgniter\View\{closure}()
 4 SYSTEMPATH\Common.php(1134): CodeIgniter\View\View->render('user/diagnosa', [], true)
 5 APPPATH\Controllers\Riwayat.php(71): view('user/diagnosa', [...])
 6 SYSTEMPATH\CodeIgniter.php(927): App\Controllers\Riwayat->diagnosa('1')
 7 SYSTEMPATH\CodeIgniter.php(482): CodeIgniter\CodeIgniter->runController(Object(App\Controllers\Riwayat))
 8 SYSTEMPATH\CodeIgniter.php(351): CodeIgniter\CodeIgniter->handleRequest(null, Object(Config\Cache), false)
 9 FCPATH\index.php(67): CodeIgniter\CodeIgniter->run()
10 SYSTEMPATH\Commands\Server\rewrite.php(46): require_once('FCPATH\\index.php')
CRITICAL - 2022-11-19 01:51:36 --> Undefined index: kode_penyakit
in APPPATH\Views\user\diagnosa.php on line 86.
 1 APPPATH\Views\user\diagnosa.php(86): CodeIgniter\Debug\Exceptions->errorHandler(8, 'Undefined index: kode_penyakit', 'APPPATH\\Views\\user\\diagnosa.php', 86, [...])
 2 SYSTEMPATH\View\View.php(213): include('APPPATH\\Views\\user\\diagnosa.php')
 3 SYSTEMPATH\View\View.php(216): CodeIgniter\View\View->CodeIgniter\View\{closure}()
 4 SYSTEMPATH\Common.php(1134): CodeIgniter\View\View->render('user/diagnosa', [], true)
 5 APPPATH\Controllers\Riwayat.php(71): view('user/diagnosa', [...])
 6 SYSTEMPATH\CodeIgniter.php(927): App\Controllers\Riwayat->diagnosa('1')
 7 SYSTEMPATH\CodeIgniter.php(482): CodeIgniter\CodeIgniter->runController(Object(App\Controllers\Riwayat))
 8 SYSTEMPATH\CodeIgniter.php(351): CodeIgniter\CodeIgniter->handleRequest(null, Object(Config\Cache), false)
 9 FCPATH\index.php(67): CodeIgniter\CodeIgniter->run()
10 SYSTEMPATH\Commands\Server\rewrite.php(46): require_once('FCPATH\\index.php')
