CRITICAL - 2022-11-13 00:58:17 --> Call to undefined method CodeIgniter\View\View::extends()
in APPPATH\Views\admin\index.php on line 1.
 1 SYSTEMPATH\View\View.php(213): include()
 2 SYSTEMPATH\View\View.php(216): CodeIgniter\View\View->CodeIgniter\View\{closure}()
 3 SYSTEMPATH\Common.php(1134): CodeIgniter\View\View->render('admin/index', [], true)
 4 APPPATH\Controllers\Admin\Dashboard.php(10): view('admin/index')
 5 SYSTEMPATH\CodeIgniter.php(927): App\Controllers\Admin\Dashboard->index()
 6 SYSTEMPATH\CodeIgniter.php(482): CodeIgniter\CodeIgniter->runController(Object(App\Controllers\Admin\Dashboard))
 7 SYSTEMPATH\CodeIgniter.php(351): CodeIgniter\CodeIgniter->handleRequest(null, Object(Config\Cache), false)
 8 FCPATH\index.php(67): CodeIgniter\CodeIgniter->run()
 9 SYSTEMPATH\Commands\Server\rewrite.php(46): require_once('FCPATH\\index.php')
ERROR - 2022-11-13 07:28:10 --> Error connecting to the database: mysqli_sql_exception: Unknown database 'sp_kamera' in C:\xampp\htdocs\sp-kamera\system\Database\MySQLi\Connection.php:171
Stack trace:
#0 C:\xampp\htdocs\sp-kamera\system\Database\MySQLi\Connection.php(171): mysqli->real_connect('localhost', 'root', '', 'sp_kamera', 3306, '', 0)
#1 C:\xampp\htdocs\sp-kamera\system\Database\BaseConnection.php(382): CodeIgniter\Database\MySQLi\Connection->connect(false)
#2 C:\xampp\htdocs\sp-kamera\system\Database\BaseConnection.php(561): CodeIgniter\Database\BaseConnection->initialize()
#3 C:\xampp\htdocs\sp-kamera\system\Database\BaseConnection.php(1360): CodeIgniter\Database\BaseConnection->query('SHOW TABLES FRO...')
#4 C:\xampp\htdocs\sp-kamera\system\Database\BaseConnection.php(1394): CodeIgniter\Database\BaseConnection->listTables()
#5 C:\xampp\htdocs\sp-kamera\system\Database\MigrationRunner.php(759): CodeIgniter\Database\BaseConnection->tableExists('migrations')
#6 C:\xampp\htdocs\sp-kamera\system\Database\MigrationRunner.php(167): CodeIgniter\Database\MigrationRunner->ensureTable()
#7 C:\xampp\htdocs\sp-kamera\system\Commands\Database\Migrate.php(84): CodeIgniter\Database\MigrationRunner->latest(NULL)
#8 C:\xampp\htdocs\sp-kamera\system\CLI\Commands.php(63): CodeIgniter\Commands\Database\Migrate->run(Array)
#9 C:\xampp\htdocs\sp-kamera\system\CLI\CommandRunner.php(65): CodeIgniter\CLI\Commands->run('migrate', Array)
#10 C:\xampp\htdocs\sp-kamera\system\CLI\CommandRunner.php(51): CodeIgniter\CLI\CommandRunner->index(Array)
#11 C:\xampp\htdocs\sp-kamera\system\CodeIgniter.php(920): CodeIgniter\CLI\CommandRunner->_remap('index', Array)
#12 C:\xampp\htdocs\sp-kamera\system\CodeIgniter.php(482): CodeIgniter\CodeIgniter->runController(Object(CodeIgniter\CLI\CommandRunner))
#13 C:\xampp\htdocs\sp-kamera\system\CodeIgniter.php(347): CodeIgniter\CodeIgniter->handleRequest(NULL, Object(Config\Cache), false)
#14 C:\xampp\htdocs\sp-kamera\system\CLI\Console.php(48): CodeIgniter\CodeIgniter->run()
#15 C:\xampp\htdocs\sp-kamera\spark(98): CodeIgniter\CLI\Console->run()
#16 {main}

Next CodeIgniter\Database\Exceptions\DatabaseException: Unknown database 'sp_kamera' in C:\xampp\htdocs\sp-kamera\system\Database\MySQLi\Connection.php:215
Stack trace:
#0 C:\xampp\htdocs\sp-kamera\system\Database\BaseConnection.php(382): CodeIgniter\Database\MySQLi\Connection->connect(false)
#1 C:\xampp\htdocs\sp-kamera\system\Database\BaseConnection.php(561): CodeIgniter\Database\BaseConnection->initialize()
#2 C:\xampp\htdocs\sp-kamera\system\Database\BaseConnection.php(1360): CodeIgniter\Database\BaseConnection->query('SHOW TABLES FRO...')
#3 C:\xampp\htdocs\sp-kamera\system\Database\BaseConnection.php(1394): CodeIgniter\Database\BaseConnection->listTables()
#4 C:\xampp\htdocs\sp-kamera\system\Database\MigrationRunner.php(759): CodeIgniter\Database\BaseConnection->tableExists('migrations')
#5 C:\xampp\htdocs\sp-kamera\system\Database\MigrationRunner.php(167): CodeIgniter\Database\MigrationRunner->ensureTable()
#6 C:\xampp\htdocs\sp-kamera\system\Commands\Database\Migrate.php(84): CodeIgniter\Database\MigrationRunner->latest(NULL)
#7 C:\xampp\htdocs\sp-kamera\system\CLI\Commands.php(63): CodeIgniter\Commands\Database\Migrate->run(Array)
#8 C:\xampp\htdocs\sp-kamera\system\CLI\CommandRunner.php(65): CodeIgniter\CLI\Commands->run('migrate', Array)
#9 C:\xampp\htdocs\sp-kamera\system\CLI\CommandRunner.php(51): CodeIgniter\CLI\CommandRunner->index(Array)
#10 C:\xampp\htdocs\sp-kamera\system\CodeIgniter.php(920): CodeIgniter\CLI\CommandRunner->_remap('index', Array)
#11 C:\xampp\htdocs\sp-kamera\system\CodeIgniter.php(482): CodeIgniter\CodeIgniter->runController(Object(CodeIgniter\CLI\CommandRunner))
#12 C:\xampp\htdocs\sp-kamera\system\CodeIgniter.php(347): CodeIgniter\CodeIgniter->handleRequest(NULL, Object(Config\Cache), false)
#13 C:\xampp\htdocs\sp-kamera\system\CLI\Console.php(48): CodeIgniter\CodeIgniter->run()
#14 C:\xampp\htdocs\sp-kamera\spark(98): CodeIgniter\CLI\Console->run()
#15 {main}
CRITICAL - 2022-11-13 07:38:26 --> is_unique[tb_gejala.kode_gejala is not a valid rule.
in SYSTEMPATH\Validation\Validation.php on line 323.
 1 SYSTEMPATH\Validation\Validation.php(323): CodeIgniter\Validation\Exceptions\ValidationException::forRuleNotFound('is_unique[tb_gejala.kode_gejala')
 2 SYSTEMPATH\Validation\Validation.php(175): CodeIgniter\Validation\Validation->processRules('kode_gejala', 'kode_gejala', 'G01', [...], [...])
 3 SYSTEMPATH\Controller.php(140): CodeIgniter\Validation\Validation->run()
 4 APPPATH\Controllers\Admin\Gejala.php(28): CodeIgniter\Controller->validate([...])
 5 SYSTEMPATH\CodeIgniter.php(927): App\Controllers\Admin\Gejala->simpan()
 6 SYSTEMPATH\CodeIgniter.php(482): CodeIgniter\CodeIgniter->runController(Object(App\Controllers\Admin\Gejala))
 7 SYSTEMPATH\CodeIgniter.php(351): CodeIgniter\CodeIgniter->handleRequest(null, Object(Config\Cache), false)
 8 FCPATH\index.php(67): CodeIgniter\CodeIgniter->run()
 9 SYSTEMPATH\Commands\Server\rewrite.php(46): require_once('FCPATH\\index.php')
CRITICAL - 2022-11-13 07:39:57 --> Undefined property: App\Controllers\Admin\Gejala::$gejalaModel
in APPPATH\Controllers\Admin\Gejala.php on line 45.
 1 APPPATH\Controllers\Admin\Gejala.php(45): CodeIgniter\Debug\Exceptions->errorHandler(8, 'Undefined property: App\\Controllers\\Admin\\Gejala::$gejalaModel', 'APPPATH\\Controllers\\Admin\\Gejala.php', 45, [])
 2 SYSTEMPATH\CodeIgniter.php(927): App\Controllers\Admin\Gejala->simpan()
 3 SYSTEMPATH\CodeIgniter.php(482): CodeIgniter\CodeIgniter->runController(Object(App\Controllers\Admin\Gejala))
 4 SYSTEMPATH\CodeIgniter.php(351): CodeIgniter\CodeIgniter->handleRequest(null, Object(Config\Cache), false)
 5 FCPATH\index.php(67): CodeIgniter\CodeIgniter->run()
 6 SYSTEMPATH\Commands\Server\rewrite.php(46): require_once('FCPATH\\index.php')
ERROR - 2022-11-13 22:58:57 --> mysqli_sql_exception: Column 'nama_kerusakan' cannot be null in C:\xampp\htdocs\sp-kamera\system\Database\MySQLi\Connection.php:292
Stack trace:
#0 C:\xampp\htdocs\sp-kamera\system\Database\MySQLi\Connection.php(292): mysqli->query('INSERT INTO `tb...', 0)
#1 C:\xampp\htdocs\sp-kamera\system\Database\BaseConnection.php(666): CodeIgniter\Database\MySQLi\Connection->execute('INSERT INTO `tb...')
#2 C:\xampp\htdocs\sp-kamera\system\Database\BaseConnection.php(593): CodeIgniter\Database\BaseConnection->simpleQuery('INSERT INTO `tb...')
#3 C:\xampp\htdocs\sp-kamera\system\Database\BaseBuilder.php(1916): CodeIgniter\Database\BaseConnection->query('INSERT INTO `tb...', Array, false)
#4 C:\xampp\htdocs\sp-kamera\system\Model.php(279): CodeIgniter\Database\BaseBuilder->insert()
#5 C:\xampp\htdocs\sp-kamera\system\BaseModel.php(749): CodeIgniter\Model->doInsert(Array)
#6 C:\xampp\htdocs\sp-kamera\system\Model.php(667): CodeIgniter\BaseModel->insert(Array, false)
#7 C:\xampp\htdocs\sp-kamera\system\BaseModel.php(659): CodeIgniter\Model->insert(Array, false)
#8 C:\xampp\htdocs\sp-kamera\app\Controllers\Admin\Kerusakan.php(50): CodeIgniter\BaseModel->save(Array)
#9 C:\xampp\htdocs\sp-kamera\system\CodeIgniter.php(927): App\Controllers\Admin\Kerusakan->simpan()
#10 C:\xampp\htdocs\sp-kamera\system\CodeIgniter.php(482): CodeIgniter\CodeIgniter->runController(Object(App\Controllers\Admin\Kerusakan))
#11 C:\xampp\htdocs\sp-kamera\system\CodeIgniter.php(351): CodeIgniter\CodeIgniter->handleRequest(NULL, Object(Config\Cache), false)
#12 C:\xampp\htdocs\sp-kamera\public\index.php(67): CodeIgniter\CodeIgniter->run()
#13 C:\xampp\htdocs\sp-kamera\system\Commands\Server\rewrite.php(46): require_once('C:\\xampp\\htdocs...')
#14 {main}
CRITICAL - 2022-11-13 22:58:57 --> Column 'nama_kerusakan' cannot be null
in SYSTEMPATH\Database\MySQLi\Connection.php on line 292.
 1 SYSTEMPATH\Database\MySQLi\Connection.php(292): mysqli->query('INSERT INTO `tb_kerusakan` (`kode_kerusakan`, `nama_kerusakan`, `penjelasan`, `penanganan`, `created_at`, `updated_at`) VALUES (\'K01\', NULL, \'kerusakan lensa adalah bla bla bla\', \'Solusinya adalah bla bla bla\', \'2022-11-13 22:58:57\', \'2022-11-13 22:58:57\')', 0)
 2 SYSTEMPATH\Database\BaseConnection.php(666): CodeIgniter\Database\MySQLi\Connection->execute('INSERT INTO `tb_kerusakan` (`kode_kerusakan`, `nama_kerusakan`, `penjelasan`, `penanganan`, `created_at`, `updated_at`) VALUES (\'K01\', NULL, \'kerusakan lensa adalah bla bla bla\', \'Solusinya adalah bla bla bla\', \'2022-11-13 22:58:57\', \'2022-11-13 22:58:57\')')
 3 SYSTEMPATH\Database\BaseConnection.php(593): CodeIgniter\Database\BaseConnection->simpleQuery('INSERT INTO `tb_kerusakan` (`kode_kerusakan`, `nama_kerusakan`, `penjelasan`, `penanganan`, `created_at`, `updated_at`) VALUES (\'K01\', NULL, \'kerusakan lensa adalah bla bla bla\', \'Solusinya adalah bla bla bla\', \'2022-11-13 22:58:57\', \'2022-11-13 22:58:57\')')
 4 SYSTEMPATH\Database\BaseBuilder.php(1916): CodeIgniter\Database\BaseConnection->query('INSERT INTO `tb_kerusakan` (`kode_kerusakan`, `nama_kerusakan`, `penjelasan`, `penanganan`, `created_at`, `updated_at`) VALUES (:kode_kerusakan:, :nama_kerusakan:, :penjelasan:, :penanganan:, :created_at:, :updated_at:)', [...], false)
 5 SYSTEMPATH\Model.php(279): CodeIgniter\Database\BaseBuilder->insert()
 6 SYSTEMPATH\BaseModel.php(749): CodeIgniter\Model->doInsert([...])
 7 SYSTEMPATH\Model.php(667): CodeIgniter\BaseModel->insert([...], false)
 8 SYSTEMPATH\BaseModel.php(659): CodeIgniter\Model->insert([...], false)
 9 APPPATH\Controllers\Admin\Kerusakan.php(50): CodeIgniter\BaseModel->save([...])
10 SYSTEMPATH\CodeIgniter.php(927): App\Controllers\Admin\Kerusakan->simpan()
11 SYSTEMPATH\CodeIgniter.php(482): CodeIgniter\CodeIgniter->runController(Object(App\Controllers\Admin\Kerusakan))
12 SYSTEMPATH\CodeIgniter.php(351): CodeIgniter\CodeIgniter->handleRequest(null, Object(Config\Cache), false)
13 FCPATH\index.php(67): CodeIgniter\CodeIgniter->run()
14 SYSTEMPATH\Commands\Server\rewrite.php(46): require_once('FCPATH\\index.php')
CRITICAL - 2022-11-13 23:00:31 --> Undefined index: id_Kerusakan
in APPPATH\Views\admin\kerusakan.php on line 127.
 1 APPPATH\Views\admin\kerusakan.php(127): CodeIgniter\Debug\Exceptions->errorHandler(8, 'Undefined index: id_Kerusakan', 'APPPATH\\Views\\admin\\kerusakan.php', 127, [...])
 2 SYSTEMPATH\View\View.php(213): include('APPPATH\\Views\\admin\\kerusakan.php')
 3 SYSTEMPATH\View\View.php(216): CodeIgniter\View\View->CodeIgniter\View\{closure}()
 4 SYSTEMPATH\Common.php(1134): CodeIgniter\View\View->render('admin/kerusakan', [], true)
 5 APPPATH\Controllers\Admin\Kerusakan.php(22): view('admin/kerusakan', [...])
 6 SYSTEMPATH\CodeIgniter.php(927): App\Controllers\Admin\Kerusakan->index()
 7 SYSTEMPATH\CodeIgniter.php(482): CodeIgniter\CodeIgniter->runController(Object(App\Controllers\Admin\Kerusakan))
 8 SYSTEMPATH\CodeIgniter.php(351): CodeIgniter\CodeIgniter->handleRequest(null, Object(Config\Cache), false)
 9 FCPATH\index.php(67): CodeIgniter\CodeIgniter->run()
10 SYSTEMPATH\Commands\Server\rewrite.php(46): require_once('FCPATH\\index.php')
CRITICAL - 2022-11-13 23:45:21 --> Undefined variable: kerusakan
in APPPATH\Views\admin\aturan.php on line 83.
 1 APPPATH\Views\admin\aturan.php(83): CodeIgniter\Debug\Exceptions->errorHandler(8, 'Undefined variable: kerusakan', 'APPPATH\\Views\\admin\\aturan.php', 83, [...])
 2 SYSTEMPATH\View\View.php(213): include('APPPATH\\Views\\admin\\aturan.php')
 3 SYSTEMPATH\View\View.php(216): CodeIgniter\View\View->CodeIgniter\View\{closure}()
 4 SYSTEMPATH\Common.php(1134): CodeIgniter\View\View->render('admin/aturan', [], true)
 5 APPPATH\Controllers\Admin\Aturan.php(22): view('admin/aturan', [...])
 6 SYSTEMPATH\CodeIgniter.php(927): App\Controllers\Admin\Aturan->index()
 7 SYSTEMPATH\CodeIgniter.php(482): CodeIgniter\CodeIgniter->runController(Object(App\Controllers\Admin\Aturan))
 8 SYSTEMPATH\CodeIgniter.php(351): CodeIgniter\CodeIgniter->handleRequest(null, Object(Config\Cache), false)
 9 FCPATH\index.php(67): CodeIgniter\CodeIgniter->run()
10 SYSTEMPATH\Commands\Server\rewrite.php(46): require_once('FCPATH\\index.php')
