ERROR - 2022-12-13 23:23:13 --> mysqli_sql_exception: Column 'id_user' cannot be null in C:\xampp\htdocs\source-sp-kamera\system\Database\MySQLi\Connection.php:292
Stack trace:
#0 C:\xampp\htdocs\source-sp-kamera\system\Database\MySQLi\Connection.php(292): mysqli->query()
#1 C:\xampp\htdocs\source-sp-kamera\system\Database\BaseConnection.php(666): CodeIgniter\Database\MySQLi\Connection->execute()
#2 C:\xampp\htdocs\source-sp-kamera\system\Database\BaseConnection.php(593): CodeIgniter\Database\BaseConnection->simpleQuery()
#3 C:\xampp\htdocs\source-sp-kamera\system\Database\BaseBuilder.php(1916): CodeIgniter\Database\BaseConnection->query()
#4 C:\xampp\htdocs\source-sp-kamera\system\Model.php(279): CodeIgniter\Database\BaseBuilder->insert()
#5 C:\xampp\htdocs\source-sp-kamera\system\BaseModel.php(749): CodeIgniter\Model->doInsert()
#6 C:\xampp\htdocs\source-sp-kamera\system\Model.php(667): CodeIgniter\BaseModel->insert()
#7 C:\xampp\htdocs\source-sp-kamera\system\BaseModel.php(659): CodeIgniter\Model->insert()
#8 C:\xampp\htdocs\source-sp-kamera\app\Controllers\Diagnosa.php(47): CodeIgniter\BaseModel->save()
#9 C:\xampp\htdocs\source-sp-kamera\system\CodeIgniter.php(927): App\Controllers\Diagnosa->simpan()
#10 C:\xampp\htdocs\source-sp-kamera\system\CodeIgniter.php(482): CodeIgniter\CodeIgniter->runController()
#11 C:\xampp\htdocs\source-sp-kamera\system\CodeIgniter.php(351): CodeIgniter\CodeIgniter->handleRequest()
#12 C:\xampp\htdocs\sp-kamera\index.php(67): CodeIgniter\CodeIgniter->run()
#13 {main}
CRITICAL - 2022-12-13 23:31:39 --> count(): Argument #1 ($value) must be of type Countable|array, int given
in APPPATH\Views\user\diagnosa.php on line 56.
 1 SYSTEMPATH\View\View.php(213): include()
 2 SYSTEMPATH\View\View.php(216): CodeIgniter\View\View->CodeIgniter\View\{closure}()
 3 SYSTEMPATH\Common.php(1134): CodeIgniter\View\View->render()
 4 APPPATH\Controllers\Diagnosa.php(65): view()
 5 SYSTEMPATH\CodeIgniter.php(927): App\Controllers\Diagnosa->diagnosa()
 6 SYSTEMPATH\CodeIgniter.php(482): CodeIgniter\CodeIgniter->runController()
 7 SYSTEMPATH\CodeIgniter.php(351): CodeIgniter\CodeIgniter->handleRequest()
 8 FCPATH\index.php(67): CodeIgniter\CodeIgniter->run()
CRITICAL - 2022-12-13 23:32:38 --> count(): Argument #1 ($value) must be of type Countable|array, int given
in APPPATH\Views\user\diagnosa.php on line 56.
 1 SYSTEMPATH\View\View.php(213): include()
 2 SYSTEMPATH\View\View.php(216): CodeIgniter\View\View->CodeIgniter\View\{closure}()
 3 SYSTEMPATH\Common.php(1134): CodeIgniter\View\View->render()
 4 APPPATH\Controllers\Diagnosa.php(65): view()
 5 SYSTEMPATH\CodeIgniter.php(927): App\Controllers\Diagnosa->diagnosa()
 6 SYSTEMPATH\CodeIgniter.php(482): CodeIgniter\CodeIgniter->runController()
 7 SYSTEMPATH\CodeIgniter.php(351): CodeIgniter\CodeIgniter->handleRequest()
 8 FCPATH\index.php(67): CodeIgniter\CodeIgniter->run()
CRITICAL - 2022-12-13 23:34:26 --> Undefined variable $total
in APPPATH\Views\user\diagnosa.php on line 56.
 1 APPPATH\Views\user\diagnosa.php(56): CodeIgniter\Debug\Exceptions->errorHandler()
 2 SYSTEMPATH\View\View.php(213): include('APPPATH\\Views\\user\\diagnosa.php')
 3 SYSTEMPATH\View\View.php(216): CodeIgniter\View\View->CodeIgniter\View\{closure}()
 4 SYSTEMPATH\Common.php(1134): CodeIgniter\View\View->render()
 5 APPPATH\Controllers\Diagnosa.php(63): view()
 6 SYSTEMPATH\CodeIgniter.php(927): App\Controllers\Diagnosa->diagnosa()
 7 SYSTEMPATH\CodeIgniter.php(482): CodeIgniter\CodeIgniter->runController()
 8 SYSTEMPATH\CodeIgniter.php(351): CodeIgniter\CodeIgniter->handleRequest()
 9 FCPATH\index.php(67): CodeIgniter\CodeIgniter->run()
CRITICAL - 2022-12-13 23:36:39 --> syntax error, unexpected token "(", expecting "," or ";"
in APPPATH\Controllers\Diagnosa.php on line 7.
 1 SYSTEMPATH\Autoloader\Autoloader.php(259): CodeIgniter\Autoloader\Autoloader->includeFile()
 2 SYSTEMPATH\Autoloader\Autoloader.php(237): CodeIgniter\Autoloader\Autoloader->loadInNamespace()
 3 [internal function]: CodeIgniter\Autoloader\Autoloader->loadClass()
 4 SYSTEMPATH\CodeIgniter.php(877): class_exists()
 5 SYSTEMPATH\CodeIgniter.php(469): CodeIgniter\CodeIgniter->startController()
 6 SYSTEMPATH\CodeIgniter.php(351): CodeIgniter\CodeIgniter->handleRequest()
 7 FCPATH\index.php(67): CodeIgniter\CodeIgniter->run()
