CRITICAL - 2023-05-19 09:50:25 --> Call to undefined function validation_errors()
in APPPATH\Views\user\index.php on line 95.
 1 SYSTEMPATH\View\View.php(213): include()
 2 SYSTEMPATH\View\View.php(216): CodeIgniter\View\View->CodeIgniter\View\{closure}()
 3 SYSTEMPATH\Common.php(1134): CodeIgniter\View\View->render('user/index', [], true)
 4 APPPATH\Controllers\Dashboard.php(22): view('user/index', [...])
 5 SYSTEMPATH\CodeIgniter.php(927): App\Controllers\Dashboard->index()
 6 SYSTEMPATH\CodeIgniter.php(482): CodeIgniter\CodeIgniter->runController(Object(App\Controllers\Dashboard))
 7 SYSTEMPATH\CodeIgniter.php(351): CodeIgniter\CodeIgniter->handleRequest(null, Object(Config\Cache), false)
 8 FCPATH\index.php(67): CodeIgniter\CodeIgniter->run()
CRITICAL - 2023-05-19 09:52:55 --> Call to undefined function validation_show_error()
in APPPATH\Views\user\index.php on line 102.
 1 SYSTEMPATH\View\View.php(213): include()
 2 SYSTEMPATH\View\View.php(216): CodeIgniter\View\View->CodeIgniter\View\{closure}()
 3 SYSTEMPATH\Common.php(1134): CodeIgniter\View\View->render('user/index', [], true)
 4 APPPATH\Controllers\Dashboard.php(22): view('user/index', [...])
 5 SYSTEMPATH\CodeIgniter.php(927): App\Controllers\Dashboard->index()
 6 SYSTEMPATH\CodeIgniter.php(482): CodeIgniter\CodeIgniter->runController(Object(App\Controllers\Dashboard))
 7 SYSTEMPATH\CodeIgniter.php(351): CodeIgniter\CodeIgniter->handleRequest(null, Object(Config\Cache), false)
 8 FCPATH\index.php(67): CodeIgniter\CodeIgniter->run()
CRITICAL - 2023-05-19 09:58:39 --> Undefined property: App\Controllers\Dashboard::$pesertaModel
in APPPATH\Controllers\Dashboard.php on line 45.
 1 APPPATH\Controllers\Dashboard.php(45): CodeIgniter\Debug\Exceptions->errorHandler(8, 'Undefined property: App\\Controllers\\Dashboard::$pesertaModel', 'APPPATH\\Controllers\\Dashboard.php', 45, [])
 2 SYSTEMPATH\CodeIgniter.php(927): App\Controllers\Dashboard->pendaftaran()
 3 SYSTEMPATH\CodeIgniter.php(482): CodeIgniter\CodeIgniter->runController(Object(App\Controllers\Dashboard))
 4 SYSTEMPATH\CodeIgniter.php(351): CodeIgniter\CodeIgniter->handleRequest(null, Object(Config\Cache), false)
 5 FCPATH\index.php(67): CodeIgniter\CodeIgniter->run()
ERROR - 2023-05-19 09:59:19 --> mysqli_sql_exception: Column 'nisn' cannot be null in C:\xampp\htdocs\ppdb\aplikasi\system\Database\MySQLi\Connection.php:292
Stack trace:
#0 C:\xampp\htdocs\ppdb\aplikasi\system\Database\MySQLi\Connection.php(292): mysqli->query('INSERT INTO `tb...', 0)
#1 C:\xampp\htdocs\ppdb\aplikasi\system\Database\BaseConnection.php(666): CodeIgniter\Database\MySQLi\Connection->execute('INSERT INTO `tb...')
#2 C:\xampp\htdocs\ppdb\aplikasi\system\Database\BaseConnection.php(593): CodeIgniter\Database\BaseConnection->simpleQuery('INSERT INTO `tb...')
#3 C:\xampp\htdocs\ppdb\aplikasi\system\Database\BaseBuilder.php(1916): CodeIgniter\Database\BaseConnection->query('INSERT INTO `tb...', Array, false)
#4 C:\xampp\htdocs\ppdb\aplikasi\system\Model.php(279): CodeIgniter\Database\BaseBuilder->insert()
#5 C:\xampp\htdocs\ppdb\aplikasi\system\BaseModel.php(749): CodeIgniter\Model->doInsert(Array)
#6 C:\xampp\htdocs\ppdb\aplikasi\system\Model.php(667): CodeIgniter\BaseModel->insert(Array, false)
#7 C:\xampp\htdocs\ppdb\aplikasi\system\BaseModel.php(659): CodeIgniter\Model->insert(Array, false)
#8 C:\xampp\htdocs\ppdb\aplikasi\app\Controllers\Dashboard.php(54): CodeIgniter\BaseModel->save(Array)
#9 C:\xampp\htdocs\ppdb\aplikasi\system\CodeIgniter.php(927): App\Controllers\Dashboard->pendaftaran()
#10 C:\xampp\htdocs\ppdb\aplikasi\system\CodeIgniter.php(482): CodeIgniter\CodeIgniter->runController(Object(App\Controllers\Dashboard))
#11 C:\xampp\htdocs\ppdb\aplikasi\system\CodeIgniter.php(351): CodeIgniter\CodeIgniter->handleRequest(NULL, Object(Config\Cache), false)
#12 C:\xampp\htdocs\ppdb\index.php(67): CodeIgniter\CodeIgniter->run()
#13 {main}
CRITICAL - 2023-05-19 09:59:19 --> Column 'nisn' cannot be null
in SYSTEMPATH\Database\MySQLi\Connection.php on line 292.
 1 SYSTEMPATH\Database\MySQLi\Connection.php(292): mysqli->query('INSERT INTO `tb_peserta` (`nisn`, `nama_lengkap`, `jenis_kelamin`, `no_hp`, `alamat`, `asal_sekolah`, `pilihan_pertama`, `pilihan_kedua`, `status`, `created_at`, `updated_at`) VALUES (NULL, NULL, \'l\', NULL, \'alamat pendaftar1\', NULL, \'jurusan1\', \'jurusan1\', 1, \'2023-05-19 09:59:19\', \'2023-05-19 09:59:19\')', 0)
 2 SYSTEMPATH\Database\BaseConnection.php(666): CodeIgniter\Database\MySQLi\Connection->execute('INSERT INTO `tb_peserta` (`nisn`, `nama_lengkap`, `jenis_kelamin`, `no_hp`, `alamat`, `asal_sekolah`, `pilihan_pertama`, `pilihan_kedua`, `status`, `created_at`, `updated_at`) VALUES (NULL, NULL, \'l\', NULL, \'alamat pendaftar1\', NULL, \'jurusan1\', \'jurusan1\', 1, \'2023-05-19 09:59:19\', \'2023-05-19 09:59:19\')')
 3 SYSTEMPATH\Database\BaseConnection.php(593): CodeIgniter\Database\BaseConnection->simpleQuery('INSERT INTO `tb_peserta` (`nisn`, `nama_lengkap`, `jenis_kelamin`, `no_hp`, `alamat`, `asal_sekolah`, `pilihan_pertama`, `pilihan_kedua`, `status`, `created_at`, `updated_at`) VALUES (NULL, NULL, \'l\', NULL, \'alamat pendaftar1\', NULL, \'jurusan1\', \'jurusan1\', 1, \'2023-05-19 09:59:19\', \'2023-05-19 09:59:19\')')
 4 SYSTEMPATH\Database\BaseBuilder.php(1916): CodeIgniter\Database\BaseConnection->query('INSERT INTO `tb_peserta` (`nisn`, `nama_lengkap`, `jenis_kelamin`, `no_hp`, `alamat`, `asal_sekolah`, `pilihan_pertama`, `pilihan_kedua`, `status`, `created_at`, `updated_at`) VALUES (:nisn:, :nama_lengkap:, :jenis_kelamin:, :no_hp:, :alamat:, :asal_sekolah:, :pilihan_pertama:, :pilihan_kedua:, :status:, :created_at:, :updated_at:)', [...], false)
 5 SYSTEMPATH\Model.php(279): CodeIgniter\Database\BaseBuilder->insert()
 6 SYSTEMPATH\BaseModel.php(749): CodeIgniter\Model->doInsert([...])
 7 SYSTEMPATH\Model.php(667): CodeIgniter\BaseModel->insert([...], false)
 8 SYSTEMPATH\BaseModel.php(659): CodeIgniter\Model->insert([...], false)
 9 APPPATH\Controllers\Dashboard.php(54): CodeIgniter\BaseModel->save([...])
10 SYSTEMPATH\CodeIgniter.php(927): App\Controllers\Dashboard->pendaftaran()
11 SYSTEMPATH\CodeIgniter.php(482): CodeIgniter\CodeIgniter->runController(Object(App\Controllers\Dashboard))
12 SYSTEMPATH\CodeIgniter.php(351): CodeIgniter\CodeIgniter->handleRequest(null, Object(Config\Cache), false)
13 FCPATH\index.php(67): CodeIgniter\CodeIgniter->run()
CRITICAL - 2023-05-19 10:21:36 --> Undefined variable: g
in APPPATH\Views\admin\peserta-baru.php on line 37.
 1 APPPATH\Views\admin\peserta-baru.php(37): CodeIgniter\Debug\Exceptions->errorHandler(8, 'Undefined variable: g', 'APPPATH\\Views\\admin\\peserta-baru.php', 37, [...])
 2 SYSTEMPATH\View\View.php(213): include('APPPATH\\Views\\admin\\peserta-baru.php')
 3 SYSTEMPATH\View\View.php(216): CodeIgniter\View\View->CodeIgniter\View\{closure}()
 4 SYSTEMPATH\Common.php(1134): CodeIgniter\View\View->render('admin/peserta-baru', [], true)
 5 APPPATH\Controllers\Admin\Peserta.php(43): view('admin/peserta-baru', [...])
 6 SYSTEMPATH\CodeIgniter.php(927): App\Controllers\Admin\Peserta->pesertabaru()
 7 SYSTEMPATH\CodeIgniter.php(482): CodeIgniter\CodeIgniter->runController(Object(App\Controllers\Admin\Peserta))
 8 SYSTEMPATH\CodeIgniter.php(351): CodeIgniter\CodeIgniter->handleRequest(null, Object(Config\Cache), false)
 9 FCPATH\index.php(67): CodeIgniter\CodeIgniter->run()
CRITICAL - 2023-05-19 10:23:23 --> Undefined variable: g
in APPPATH\Views\admin\peserta-baru.php on line 37.
 1 APPPATH\Views\admin\peserta-baru.php(37): CodeIgniter\Debug\Exceptions->errorHandler(8, 'Undefined variable: g', 'APPPATH\\Views\\admin\\peserta-baru.php', 37, [...])
 2 SYSTEMPATH\View\View.php(213): include('APPPATH\\Views\\admin\\peserta-baru.php')
 3 SYSTEMPATH\View\View.php(216): CodeIgniter\View\View->CodeIgniter\View\{closure}()
 4 SYSTEMPATH\Common.php(1134): CodeIgniter\View\View->render('admin/peserta-baru', [], true)
 5 APPPATH\Controllers\Admin\Peserta.php(43): view('admin/peserta-baru', [...])
 6 SYSTEMPATH\CodeIgniter.php(927): App\Controllers\Admin\Peserta->pesertabaru()
 7 SYSTEMPATH\CodeIgniter.php(482): CodeIgniter\CodeIgniter->runController(Object(App\Controllers\Admin\Peserta))
 8 SYSTEMPATH\CodeIgniter.php(351): CodeIgniter\CodeIgniter->handleRequest(null, Object(Config\Cache), false)
 9 FCPATH\index.php(67): CodeIgniter\CodeIgniter->run()
CRITICAL - 2023-05-19 10:24:50 --> Undefined variable: g
in APPPATH\Views\admin\peserta-baru.php on line 37.
 1 APPPATH\Views\admin\peserta-baru.php(37): CodeIgniter\Debug\Exceptions->errorHandler(8, 'Undefined variable: g', 'APPPATH\\Views\\admin\\peserta-baru.php', 37, [...])
 2 SYSTEMPATH\View\View.php(213): include('APPPATH\\Views\\admin\\peserta-baru.php')
 3 SYSTEMPATH\View\View.php(216): CodeIgniter\View\View->CodeIgniter\View\{closure}()
 4 SYSTEMPATH\Common.php(1134): CodeIgniter\View\View->render('admin/peserta-baru', [], true)
 5 APPPATH\Controllers\Admin\Peserta.php(43): view('admin/peserta-baru', [...])
 6 SYSTEMPATH\CodeIgniter.php(927): App\Controllers\Admin\Peserta->pesertabaru()
 7 SYSTEMPATH\CodeIgniter.php(482): CodeIgniter\CodeIgniter->runController(Object(App\Controllers\Admin\Peserta))
 8 SYSTEMPATH\CodeIgniter.php(351): CodeIgniter\CodeIgniter->handleRequest(null, Object(Config\Cache), false)
 9 FCPATH\index.php(67): CodeIgniter\CodeIgniter->run()
CRITICAL - 2023-05-19 10:25:40 --> Undefined variable: g
in APPPATH\Views\admin\peserta-baru.php on line 98.
 1 APPPATH\Views\admin\peserta-baru.php(98): CodeIgniter\Debug\Exceptions->errorHandler(8, 'Undefined variable: g', 'APPPATH\\Views\\admin\\peserta-baru.php', 98, [...])
 2 SYSTEMPATH\View\View.php(213): include('APPPATH\\Views\\admin\\peserta-baru.php')
 3 SYSTEMPATH\View\View.php(216): CodeIgniter\View\View->CodeIgniter\View\{closure}()
 4 SYSTEMPATH\Common.php(1134): CodeIgniter\View\View->render('admin/peserta-baru', [], true)
 5 APPPATH\Controllers\Admin\Peserta.php(43): view('admin/peserta-baru', [...])
 6 SYSTEMPATH\CodeIgniter.php(927): App\Controllers\Admin\Peserta->pesertabaru()
 7 SYSTEMPATH\CodeIgniter.php(482): CodeIgniter\CodeIgniter->runController(Object(App\Controllers\Admin\Peserta))
 8 SYSTEMPATH\CodeIgniter.php(351): CodeIgniter\CodeIgniter->handleRequest(null, Object(Config\Cache), false)
 9 FCPATH\index.php(67): CodeIgniter\CodeIgniter->run()
CRITICAL - 2023-05-19 10:25:55 --> Undefined variable: title
in APPPATH\Views\admin\template\layout.php on line 9.
 1 APPPATH\Views\admin\template\layout.php(9): CodeIgniter\Debug\Exceptions->errorHandler(8, 'Undefined variable: title', 'APPPATH\\Views\\admin\\template\\layout.php', 9, [...])
 2 SYSTEMPATH\View\View.php(213): include('APPPATH\\Views\\admin\\template\\layout.php')
 3 SYSTEMPATH\View\View.php(216): CodeIgniter\View\View->CodeIgniter\View\{closure}()
 4 SYSTEMPATH\View\View.php(229): CodeIgniter\View\View->render('admin/template/layout', [], true)
 5 SYSTEMPATH\Common.php(1134): CodeIgniter\View\View->render('admin/peserta-baru', [], true)
 6 APPPATH\Controllers\Admin\Peserta.php(43): view('admin/peserta-baru', [...])
 7 SYSTEMPATH\CodeIgniter.php(927): App\Controllers\Admin\Peserta->pesertabaru()
 8 SYSTEMPATH\CodeIgniter.php(482): CodeIgniter\CodeIgniter->runController(Object(App\Controllers\Admin\Peserta))
 9 SYSTEMPATH\CodeIgniter.php(351): CodeIgniter\CodeIgniter->handleRequest(null, Object(Config\Cache), false)
10 FCPATH\index.php(67): CodeIgniter\CodeIgniter->run()
